{"/Users/addehd/dev/hem/app/nativewind-env.d.ts": {"path":"/Users/addehd/dev/hem/app/nativewind-env.d.ts","statementMap":{},"fnMap":{},"branchMap":{},"s":{},"f":{},"b":{},"meta":{"lastBranch":0,"lastFunction":0,"lastStatement":0,"seen":{}}}
,"/Users/addehd/dev/hem/app/app/+not-found.tsx": {"path":"/Users/addehd/dev/hem/app/app/+not-found.tsx","statementMap":{"0":{"start":{"line":5,"column":2},"end":{"line":13,"column":null}},"1":{"start":{"line":17,"column":15},"end":{"line":23,"column":null}}},"fnMap":{"0":{"name":"NotFoundScreen","decl":{"start":{"line":4,"column":24},"end":{"line":4,"column":41}},"loc":{"start":{"line":4,"column":41},"end":{"line":15,"column":null}},"line":4}},"branchMap":{},"s":{"0":0,"1":0},"f":{"0":0},"b":{},"meta":{"lastBranch":0,"lastFunction":1,"lastStatement":2,"seen":{"f:4:24:4:41":0,"s:5:2:13:Infinity":0,"s:17:15:23:Infinity":1}}}
,"/Users/addehd/dev/hem/app/app/_layout.tsx": {"path":"/Users/addehd/dev/hem/app/app/_layout.tsx","statementMap":{"0":{"start":{"line":9,"column":0},"end":{"line":11,"column":null}},"1":{"start":{"line":10,"column":2},"end":{"line":10,"column":null}},"2":{"start":{"line":16,"column":34},"end":{"line":16,"column":null}},"3":{"start":{"line":17,"column":0},"end":{"line":25,"column":null}},"4":{"start":{"line":18,"column":2},"end":{"line":21,"column":null}},"5":{"start":{"line":19,"column":51},"end":{"line":19,"column":null}},"6":{"start":{"line":20,"column":4},"end":{"line":20,"column":null}},"7":{"start":{"line":24,"column":2},"end":{"line":24,"column":null}},"8":{"start":{"line":28,"column":2},"end":{"line":45,"column":null}}},"fnMap":{"0":{"name":"RootLayout","decl":{"start":{"line":27,"column":24},"end":{"line":27,"column":37}},"loc":{"start":{"line":27,"column":37},"end":{"line":47,"column":null}},"line":27}},"branchMap":{"0":{"loc":{"start":{"line":9,"column":0},"end":{"line":11,"column":null}},"type":"if","locations":[{"start":{"line":9,"column":0},"end":{"line":11,"column":null}},{"start":{},"end":{}}],"line":9},"1":{"loc":{"start":{"line":9,"column":4},"end":{"line":9,"column":61}},"type":"binary-expr","locations":[{"start":{"line":9,"column":4},"end":{"line":9,"column":41}},{"start":{"line":9,"column":41},"end":{"line":9,"column":61}}],"line":9},"2":{"loc":{"start":{"line":18,"column":2},"end":{"line":21,"column":null}},"type":"if","locations":[{"start":{"line":18,"column":2},"end":{"line":21,"column":null}},{"start":{},"end":{}}],"line":18}},"s":{"0":0,"1":0,"2":0,"3":0,"4":0,"5":0,"6":0,"7":0,"8":0},"f":{"0":0},"b":{"0":[0,0],"1":[0,0],"2":[0,0]},"meta":{"lastBranch":3,"lastFunction":1,"lastStatement":9,"seen":{"b:9:0:11:Infinity:undefined:undefined:undefined:undefined":0,"s:9:0:11:Infinity":0,"b:9:4:9:41:9:41:9:61":1,"s:10:2:10:Infinity":1,"s:16:34:16:Infinity":2,"s:17:0:25:Infinity":3,"b:18:2:21:Infinity:undefined:undefined:undefined:undefined":2,"s:18:2:21:Infinity":4,"s:19:51:19:Infinity":5,"s:20:4:20:Infinity":6,"s:24:2:24:Infinity":7,"f:27:24:27:37":0,"s:28:2:45:Infinity":8}}}
,"/Users/addehd/dev/hem/app/app/bidding.tsx": {"path":"/Users/addehd/dev/hem/app/app/bidding.tsx","statementMap":{"0":{"start":{"line":7,"column":8},"end":{"line":7,"column":null}},"1":{"start":{"line":8,"column":36},"end":{"line":8,"column":null}},"2":{"start":{"line":9,"column":42},"end":{"line":9,"column":null}},"3":{"start":{"line":10,"column":36},"end":{"line":10,"column":null}},"4":{"start":{"line":12,"column":35},"end":{"line":33,"column":null}},"5":{"start":{"line":13,"column":19},"end":{"line":13,"column":null}},"6":{"start":{"line":14,"column":22},"end":{"line":14,"column":null}},"7":{"start":{"line":16,"column":4},"end":{"line":16,"column":null}},"8":{"start":{"line":16,"column":31},"end":{"line":16,"column":null}},"9":{"start":{"line":18,"column":21},"end":{"line":18,"column":null}},"10":{"start":{"line":19,"column":4},"end":{"line":19,"column":null}},"11":{"start":{"line":19,"column":31},"end":{"line":19,"column":null}},"12":{"start":{"line":20,"column":4},"end":{"line":20,"column":null}},"13":{"start":{"line":20,"column":34},"end":{"line":20,"column":null}},"14":{"start":{"line":21,"column":4},"end":{"line":21,"column":null}},"15":{"start":{"line":21,"column":32},"end":{"line":21,"column":null}},"16":{"start":{"line":23,"column":25},"end":{"line":23,"column":null}},"17":{"start":{"line":24,"column":23},"end":{"line":24,"column":null}},"18":{"start":{"line":25,"column":32},"end":{"line":25,"column":null}},"19":{"start":{"line":27,"column":4},"end":{"line":32,"column":null}},"20":{"start":{"line":35,"column":19},"end":{"line":35,"column":null}},"21":{"start":{"line":37,"column":2},"end":{"line":141,"column":null}},"22":{"start":{"line":38,"column":4},"end":{"line":139,"column":null}},"23":{"start":{"line":42,"column":27},"end":{"line":42,"column":null}},"24":{"start":{"line":60,"column":35},"end":{"line":60,"column":null}},"25":{"start":{"line":71,"column":35},"end":{"line":71,"column":null}},"26":{"start":{"line":82,"column":18},"end":{"line":92,"column":null}},"27":{"start":{"line":84,"column":35},"end":{"line":84,"column":null}},"28":{"start":{"line":143,"column":2},"end":{"line":243,"column":null}},"29":{"start":{"line":147,"column":25},"end":{"line":147,"column":null}},"30":{"start":{"line":185,"column":16},"end":{"line":197,"column":null}},"31":{"start":{"line":187,"column":33},"end":{"line":187,"column":null}}},"fnMap":{"0":{"name":"BiddingScreen","decl":{"start":{"line":6,"column":24},"end":{"line":6,"column":40}},"loc":{"start":{"line":6,"column":40},"end":{"line":245,"column":null}},"line":6},"1":{"name":"(anonymous_1)","decl":{"start":{"line":12,"column":35},"end":{"line":12,"column":41}},"loc":{"start":{"line":12,"column":41},"end":{"line":33,"column":null}},"line":12},"2":{"name":"(anonymous_2)","decl":{"start":{"line":42,"column":21},"end":{"line":42,"column":27}},"loc":{"start":{"line":42,"column":27},"end":{"line":42,"column":null}},"line":42},"3":{"name":"(anonymous_3)","decl":{"start":{"line":60,"column":28},"end":{"line":60,"column":29}},"loc":{"start":{"line":60,"column":35},"end":{"line":60,"column":null}},"line":60},"4":{"name":"(anonymous_4)","decl":{"start":{"line":71,"column":28},"end":{"line":71,"column":29}},"loc":{"start":{"line":71,"column":35},"end":{"line":71,"column":null}},"line":71},"5":{"name":"(anonymous_5)","decl":{"start":{"line":81,"column":58},"end":{"line":81,"column":59}},"loc":{"start":{"line":82,"column":18},"end":{"line":92,"column":null}},"line":82},"6":{"name":"(anonymous_6)","decl":{"start":{"line":84,"column":29},"end":{"line":84,"column":35}},"loc":{"start":{"line":84,"column":35},"end":{"line":84,"column":null}},"line":84},"7":{"name":"(anonymous_7)","decl":{"start":{"line":147,"column":19},"end":{"line":147,"column":25}},"loc":{"start":{"line":147,"column":25},"end":{"line":147,"column":null}},"line":147},"8":{"name":"(anonymous_8)","decl":{"start":{"line":184,"column":56},"end":{"line":184,"column":57}},"loc":{"start":{"line":185,"column":16},"end":{"line":197,"column":null}},"line":185},"9":{"name":"(anonymous_9)","decl":{"start":{"line":187,"column":27},"end":{"line":187,"column":33}},"loc":{"start":{"line":187,"column":33},"end":{"line":187,"column":null}},"line":187}},"branchMap":{"0":{"loc":{"start":{"line":16,"column":4},"end":{"line":16,"column":null}},"type":"if","locations":[{"start":{"line":16,"column":4},"end":{"line":16,"column":null}},{"start":{},"end":{}}],"line":16},"1":{"loc":{"start":{"line":16,"column":8},"end":{"line":16,"column":31}},"type":"binary-expr","locations":[{"start":{"line":16,"column":8},"end":{"line":16,"column":19}},{"start":{"line":16,"column":19},"end":{"line":16,"column":31}}],"line":16},"2":{"loc":{"start":{"line":19,"column":4},"end":{"line":19,"column":null}},"type":"if","locations":[{"start":{"line":19,"column":4},"end":{"line":19,"column":null}},{"start":{},"end":{}}],"line":19},"3":{"loc":{"start":{"line":20,"column":4},"end":{"line":20,"column":null}},"type":"if","locations":[{"start":{"line":20,"column":4},"end":{"line":20,"column":null}},{"start":{},"end":{}}],"line":20},"4":{"loc":{"start":{"line":21,"column":4},"end":{"line":21,"column":null}},"type":"if","locations":[{"start":{"line":21,"column":4},"end":{"line":21,"column":null}},{"start":{},"end":{}}],"line":21},"5":{"loc":{"start":{"line":25,"column":32},"end":{"line":25,"column":null}},"type":"cond-expr","locations":[{"start":{"line":25,"column":57},"end":{"line":25,"column":65}},{"start":{"line":25,"column":65},"end":{"line":25,"column":null}}],"line":25},"6":{"loc":{"start":{"line":25,"column":65},"end":{"line":25,"column":null}},"type":"cond-expr","locations":[{"start":{"line":25,"column":92},"end":{"line":25,"column":100}},{"start":{"line":25,"column":100},"end":{"line":25,"column":null}}],"line":25},"7":{"loc":{"start":{"line":37,"column":2},"end":{"line":141,"column":null}},"type":"if","locations":[{"start":{"line":37,"column":2},"end":{"line":141,"column":null}},{"start":{},"end":{}}],"line":37},"8":{"loc":{"start":{"line":86,"column":22},"end":{"line":88,"column":null}},"type":"cond-expr","locations":[{"start":{"line":87,"column":26},"end":{"line":87,"column":null}},{"start":{"line":88,"column":26},"end":{"line":88,"column":null}}],"line":86},"9":{"loc":{"start":{"line":91,"column":21},"end":{"line":91,"column":null}},"type":"cond-expr","locations":[{"start":{"line":91,"column":39},"end":{"line":91,"column":47}},{"start":{"line":91,"column":47},"end":{"line":91,"column":null}}],"line":91},"10":{"loc":{"start":{"line":91,"column":47},"end":{"line":91,"column":null}},"type":"cond-expr","locations":[{"start":{"line":91,"column":68},"end":{"line":91,"column":78}},{"start":{"line":91,"column":78},"end":{"line":91,"column":null}}],"line":91},"11":{"loc":{"start":{"line":97,"column":13},"end":{"line":135,"column":null}},"type":"binary-expr","locations":[{"start":{"line":97,"column":13},"end":{"line":97,"column":null}},{"start":{"line":98,"column":14},"end":{"line":135,"column":null}}],"line":97},"12":{"loc":{"start":{"line":119,"column":56},"end":{"line":119,"column":115}},"type":"cond-expr","locations":[{"start":{"line":119,"column":82},"end":{"line":119,"column":101}},{"start":{"line":119,"column":101},"end":{"line":119,"column":115}}],"line":119},"13":{"loc":{"start":{"line":120,"column":23},"end":{"line":120,"column":59}},"type":"cond-expr","locations":[{"start":{"line":120,"column":49},"end":{"line":120,"column":55}},{"start":{"line":120,"column":55},"end":{"line":120,"column":59}}],"line":120},"14":{"loc":{"start":{"line":189,"column":20},"end":{"line":189,"column":null}},"type":"cond-expr","locations":[{"start":{"line":189,"column":44},"end":{"line":189,"column":63}},{"start":{"line":189,"column":63},"end":{"line":189,"column":null}}],"line":189},"15":{"loc":{"start":{"line":193,"column":20},"end":{"line":193,"column":null}},"type":"cond-expr","locations":[{"start":{"line":193,"column":44},"end":{"line":193,"column":59}},{"start":{"line":193,"column":59},"end":{"line":193,"column":null}}],"line":193},"16":{"loc":{"start":{"line":195,"column":21},"end":{"line":195,"column":null}},"type":"cond-expr","locations":[{"start":{"line":195,"column":39},"end":{"line":195,"column":47}},{"start":{"line":195,"column":47},"end":{"line":195,"column":null}}],"line":195},"17":{"loc":{"start":{"line":195,"column":47},"end":{"line":195,"column":null}},"type":"cond-expr","locations":[{"start":{"line":195,"column":68},"end":{"line":195,"column":78}},{"start":{"line":195,"column":78},"end":{"line":195,"column":null}}],"line":195},"18":{"loc":{"start":{"line":202,"column":11},"end":{"line":239,"column":null}},"type":"binary-expr","locations":[{"start":{"line":202,"column":11},"end":{"line":202,"column":null}},{"start":{"line":203,"column":12},"end":{"line":239,"column":null}}],"line":202}},"s":{"0":0,"1":0,"2":0,"3":0,"4":0,"5":0,"6":0,"7":0,"8":0,"9":0,"10":0,"11":0,"12":0,"13":0,"14":0,"15":0,"16":0,"17":0,"18":0,"19":0,"20":0,"21":0,"22":0,"23":0,"24":0,"25":0,"26":0,"27":0,"28":0,"29":0,"30":0,"31":0},"f":{"0":0,"1":0,"2":0,"3":0,"4":0,"5":0,"6":0,"7":0,"8":0,"9":0},"b":{"0":[0,0],"1":[0,0],"2":[0,0],"3":[0,0],"4":[0,0],"5":[0,0],"6":[0,0],"7":[0,0],"8":[0,0],"9":[0,0],"10":[0,0],"11":[0,0],"12":[0,0],"13":[0,0],"14":[0,0],"15":[0,0],"16":[0,0],"17":[0,0],"18":[0,0]},"meta":{"lastBranch":19,"lastFunction":10,"lastStatement":32,"seen":{"f:6:24:6:40":0,"s:7:8:7:Infinity":0,"s:8:36:8:Infinity":1,"s:9:42:9:Infinity":2,"s:10:36:10:Infinity":3,"s:12:35:33:Infinity":4,"f:12:35:12:41":1,"s:13:19:13:Infinity":5,"s:14:22:14:Infinity":6,"b:16:4:16:Infinity:undefined:undefined:undefined:undefined":0,"s:16:4:16:Infinity":7,"b:16:8:16:19:16:19:16:31":1,"s:16:31:16:Infinity":8,"s:18:21:18:Infinity":9,"b:19:4:19:Infinity:undefined:undefined:undefined:undefined":2,"s:19:4:19:Infinity":10,"s:19:31:19:Infinity":11,"b:20:4:20:Infinity:undefined:undefined:undefined:undefined":3,"s:20:4:20:Infinity":12,"s:20:34:20:Infinity":13,"b:21:4:21:Infinity:undefined:undefined:undefined:undefined":4,"s:21:4:21:Infinity":14,"s:21:32:21:Infinity":15,"s:23:25:23:Infinity":16,"s:24:23:24:Infinity":17,"s:25:32:25:Infinity":18,"b:25:57:25:65:25:65:25:Infinity":5,"b:25:92:25:100:25:100:25:Infinity":6,"s:27:4:32:Infinity":19,"s:35:19:35:Infinity":20,"b:37:2:141:Infinity:undefined:undefined:undefined:undefined":7,"s:37:2:141:Infinity":21,"s:38:4:139:Infinity":22,"f:42:21:42:27":2,"s:42:27:42:Infinity":23,"f:60:28:60:29":3,"s:60:35:60:Infinity":24,"f:71:28:71:29":4,"s:71:35:71:Infinity":25,"f:81:58:81:59":5,"s:82:18:92:Infinity":26,"f:84:29:84:35":6,"s:84:35:84:Infinity":27,"b:87:26:87:Infinity:88:26:88:Infinity":8,"b:91:39:91:47:91:47:91:Infinity":9,"b:91:68:91:78:91:78:91:Infinity":10,"b:97:13:97:Infinity:98:14:135:Infinity":11,"b:119:82:119:101:119:101:119:115":12,"b:120:49:120:55:120:55:120:59":13,"s:143:2:243:Infinity":28,"f:147:19:147:25":7,"s:147:25:147:Infinity":29,"f:184:56:184:57":8,"s:185:16:197:Infinity":30,"f:187:27:187:33":9,"s:187:33:187:Infinity":31,"b:189:44:189:63:189:63:189:Infinity":14,"b:193:44:193:59:193:59:193:Infinity":15,"b:195:39:195:47:195:47:195:Infinity":16,"b:195:68:195:78:195:78:195:Infinity":17,"b:202:11:202:Infinity:203:12:239:Infinity":18}}}
,"/Users/addehd/dev/hem/app/app/details.tsx": {"path":"/Users/addehd/dev/hem/app/app/details.tsx","statementMap":{"0":{"start":{"line":5,"column":8},"end":{"line":5,"column":null}},"1":{"start":{"line":7,"column":2},"end":{"line":27,"column":null}},"2":{"start":{"line":16,"column":23},"end":{"line":16,"column":null}},"3":{"start":{"line":23,"column":23},"end":{"line":23,"column":null}},"4":{"start":{"line":31,"column":15},"end":{"line":61,"column":null}}},"fnMap":{"0":{"name":"DetailsScreen","decl":{"start":{"line":4,"column":24},"end":{"line":4,"column":40}},"loc":{"start":{"line":4,"column":40},"end":{"line":29,"column":null}},"line":4},"1":{"name":"(anonymous_1)","decl":{"start":{"line":16,"column":17},"end":{"line":16,"column":23}},"loc":{"start":{"line":16,"column":23},"end":{"line":16,"column":null}},"line":16},"2":{"name":"(anonymous_2)","decl":{"start":{"line":23,"column":17},"end":{"line":23,"column":23}},"loc":{"start":{"line":23,"column":23},"end":{"line":23,"column":null}},"line":23}},"branchMap":{},"s":{"0":0,"1":0,"2":0,"3":0,"4":0},"f":{"0":0,"1":0,"2":0},"b":{},"meta":{"lastBranch":0,"lastFunction":3,"lastStatement":5,"seen":{"f:4:24:4:40":0,"s:5:8:5:Infinity":0,"s:7:2:27:Infinity":1,"f:16:17:16:23":1,"s:16:23:16:Infinity":2,"f:23:17:23:23":2,"s:23:23:23:Infinity":3,"s:31:15:61:Infinity":4}}}
,"/Users/addehd/dev/hem/app/app/draggable.tsx": {"path":"/Users/addehd/dev/hem/app/app/draggable.tsx","statementMap":{"0":{"start":{"line":5,"column":2},"end":{"line":5,"column":null}}},"fnMap":{"0":{"name":"DraggableScreen","decl":{"start":{"line":4,"column":24},"end":{"line":4,"column":42}},"loc":{"start":{"line":4,"column":42},"end":{"line":6,"column":null}},"line":4}},"branchMap":{},"s":{"0":0},"f":{"0":0},"b":{},"meta":{"lastBranch":0,"lastFunction":1,"lastStatement":1,"seen":{"f:4:24:4:42":0,"s:5:2:5:Infinity":0}}}
,"/Users/addehd/dev/hem/app/app/index.tsx": {"path":"/Users/addehd/dev/hem/app/app/index.tsx","statementMap":{"0":{"start":{"line":4,"column":2},"end":{"line":4,"column":null}}},"fnMap":{"0":{"name":"Index","decl":{"start":{"line":3,"column":24},"end":{"line":3,"column":32}},"loc":{"start":{"line":3,"column":32},"end":{"line":5,"column":null}},"line":3}},"branchMap":{},"s":{"0":0},"f":{"0":0},"b":{},"meta":{"lastBranch":0,"lastFunction":1,"lastStatement":1,"seen":{"f:3:24:3:32":0,"s:4:2:4:Infinity":0}}}
,"/Users/addehd/dev/hem/app/app/(tabs)/_layout.tsx": {"path":"/Users/addehd/dev/hem/app/app/(tabs)/_layout.tsx","statementMap":{"0":{"start":{"line":7,"column":51},"end":{"line":13,"column":null}},"1":{"start":{"line":16,"column":24},"end":{"line":16,"column":null}},"2":{"start":{"line":18,"column":2},"end":{"line":23,"column":null}},"3":{"start":{"line":28,"column":2},"end":{"line":62,"column":null}},"4":{"start":{"line":52,"column":8},"end":{"line":60,"column":null}},"5":{"start":{"line":58,"column":41},"end":{"line":58,"column":null}}},"fnMap":{"0":{"name":"TabIcon","decl":{"start":{"line":15,"column":9},"end":{"line":15,"column":17}},"loc":{"start":{"line":15,"column":72},"end":{"line":25,"column":null}},"line":15},"1":{"name":"TabLayout","decl":{"start":{"line":27,"column":24},"end":{"line":27,"column":36}},"loc":{"start":{"line":27,"column":36},"end":{"line":64,"column":null}},"line":27},"2":{"name":"(anonymous_2)","decl":{"start":{"line":51,"column":32},"end":{"line":51,"column":33}},"loc":{"start":{"line":52,"column":8},"end":{"line":60,"column":null}},"line":52},"3":{"name":"(anonymous_3)","decl":{"start":{"line":58,"column":24},"end":{"line":58,"column":25}},"loc":{"start":{"line":58,"column":41},"end":{"line":58,"column":null}},"line":58}},"branchMap":{"0":{"loc":{"start":{"line":16,"column":24},"end":{"line":16,"column":null}},"type":"binary-expr","locations":[{"start":{"line":16,"column":24},"end":{"line":16,"column":48}},{"start":{"line":16,"column":48},"end":{"line":16,"column":null}}],"line":16},"1":{"loc":{"start":{"line":21,"column":13},"end":{"line":21,"column":null}},"type":"cond-expr","locations":[{"start":{"line":21,"column":23},"end":{"line":21,"column":35}},{"start":{"line":21,"column":35},"end":{"line":21,"column":null}}],"line":21},"2":{"loc":{"start":{"line":22,"column":19},"end":{"line":22,"column":null}},"type":"cond-expr","locations":[{"start":{"line":22,"column":29},"end":{"line":22,"column":35}},{"start":{"line":22,"column":35},"end":{"line":22,"column":null}}],"line":22}},"s":{"0":0,"1":0,"2":0,"3":0,"4":0,"5":0},"f":{"0":0,"1":0,"2":0,"3":0},"b":{"0":[0,0],"1":[0,0],"2":[0,0]},"meta":{"lastBranch":3,"lastFunction":4,"lastStatement":6,"seen":{"s:7:51:13:Infinity":0,"f:15:9:15:17":0,"s:16:24:16:Infinity":1,"b:16:24:16:48:16:48:16:Infinity":0,"s:18:2:23:Infinity":2,"b:21:23:21:35:21:35:21:Infinity":1,"b:22:29:22:35:22:35:22:Infinity":2,"f:27:24:27:36":1,"s:28:2:62:Infinity":3,"f:51:32:51:33":2,"s:52:8:60:Infinity":4,"f:58:24:58:25":3,"s:58:41:58:Infinity":5}}}
,"/Users/addehd/dev/hem/app/app/(tabs)/bolan.tsx": {"path":"/Users/addehd/dev/hem/app/app/(tabs)/bolan.tsx","statementMap":{"0":{"start":{"line":7,"column":8},"end":{"line":7,"column":null}},"1":{"start":{"line":8,"column":36},"end":{"line":8,"column":null}},"2":{"start":{"line":9,"column":42},"end":{"line":9,"column":null}},"3":{"start":{"line":10,"column":36},"end":{"line":10,"column":null}},"4":{"start":{"line":12,"column":35},"end":{"line":33,"column":null}},"5":{"start":{"line":13,"column":19},"end":{"line":13,"column":null}},"6":{"start":{"line":14,"column":22},"end":{"line":14,"column":null}},"7":{"start":{"line":16,"column":4},"end":{"line":16,"column":null}},"8":{"start":{"line":16,"column":31},"end":{"line":16,"column":null}},"9":{"start":{"line":18,"column":21},"end":{"line":18,"column":null}},"10":{"start":{"line":19,"column":4},"end":{"line":19,"column":null}},"11":{"start":{"line":19,"column":31},"end":{"line":19,"column":null}},"12":{"start":{"line":20,"column":4},"end":{"line":20,"column":null}},"13":{"start":{"line":20,"column":34},"end":{"line":20,"column":null}},"14":{"start":{"line":21,"column":4},"end":{"line":21,"column":null}},"15":{"start":{"line":21,"column":32},"end":{"line":21,"column":null}},"16":{"start":{"line":23,"column":25},"end":{"line":23,"column":null}},"17":{"start":{"line":24,"column":23},"end":{"line":24,"column":null}},"18":{"start":{"line":25,"column":32},"end":{"line":25,"column":null}},"19":{"start":{"line":27,"column":4},"end":{"line":32,"column":null}},"20":{"start":{"line":35,"column":19},"end":{"line":35,"column":null}},"21":{"start":{"line":37,"column":2},"end":{"line":141,"column":null}},"22":{"start":{"line":38,"column":4},"end":{"line":139,"column":null}},"23":{"start":{"line":42,"column":27},"end":{"line":42,"column":null}},"24":{"start":{"line":60,"column":35},"end":{"line":60,"column":null}},"25":{"start":{"line":71,"column":35},"end":{"line":71,"column":null}},"26":{"start":{"line":82,"column":18},"end":{"line":92,"column":null}},"27":{"start":{"line":84,"column":35},"end":{"line":84,"column":null}},"28":{"start":{"line":143,"column":2},"end":{"line":243,"column":null}},"29":{"start":{"line":147,"column":25},"end":{"line":147,"column":null}},"30":{"start":{"line":185,"column":16},"end":{"line":197,"column":null}},"31":{"start":{"line":187,"column":33},"end":{"line":187,"column":null}}},"fnMap":{"0":{"name":"BolanTab","decl":{"start":{"line":6,"column":24},"end":{"line":6,"column":35}},"loc":{"start":{"line":6,"column":35},"end":{"line":245,"column":null}},"line":6},"1":{"name":"(anonymous_1)","decl":{"start":{"line":12,"column":35},"end":{"line":12,"column":41}},"loc":{"start":{"line":12,"column":41},"end":{"line":33,"column":null}},"line":12},"2":{"name":"(anonymous_2)","decl":{"start":{"line":42,"column":21},"end":{"line":42,"column":27}},"loc":{"start":{"line":42,"column":27},"end":{"line":42,"column":null}},"line":42},"3":{"name":"(anonymous_3)","decl":{"start":{"line":60,"column":28},"end":{"line":60,"column":29}},"loc":{"start":{"line":60,"column":35},"end":{"line":60,"column":null}},"line":60},"4":{"name":"(anonymous_4)","decl":{"start":{"line":71,"column":28},"end":{"line":71,"column":29}},"loc":{"start":{"line":71,"column":35},"end":{"line":71,"column":null}},"line":71},"5":{"name":"(anonymous_5)","decl":{"start":{"line":81,"column":58},"end":{"line":81,"column":59}},"loc":{"start":{"line":82,"column":18},"end":{"line":92,"column":null}},"line":82},"6":{"name":"(anonymous_6)","decl":{"start":{"line":84,"column":29},"end":{"line":84,"column":35}},"loc":{"start":{"line":84,"column":35},"end":{"line":84,"column":null}},"line":84},"7":{"name":"(anonymous_7)","decl":{"start":{"line":147,"column":19},"end":{"line":147,"column":25}},"loc":{"start":{"line":147,"column":25},"end":{"line":147,"column":null}},"line":147},"8":{"name":"(anonymous_8)","decl":{"start":{"line":184,"column":56},"end":{"line":184,"column":57}},"loc":{"start":{"line":185,"column":16},"end":{"line":197,"column":null}},"line":185},"9":{"name":"(anonymous_9)","decl":{"start":{"line":187,"column":27},"end":{"line":187,"column":33}},"loc":{"start":{"line":187,"column":33},"end":{"line":187,"column":null}},"line":187}},"branchMap":{"0":{"loc":{"start":{"line":16,"column":4},"end":{"line":16,"column":null}},"type":"if","locations":[{"start":{"line":16,"column":4},"end":{"line":16,"column":null}},{"start":{},"end":{}}],"line":16},"1":{"loc":{"start":{"line":16,"column":8},"end":{"line":16,"column":31}},"type":"binary-expr","locations":[{"start":{"line":16,"column":8},"end":{"line":16,"column":19}},{"start":{"line":16,"column":19},"end":{"line":16,"column":31}}],"line":16},"2":{"loc":{"start":{"line":19,"column":4},"end":{"line":19,"column":null}},"type":"if","locations":[{"start":{"line":19,"column":4},"end":{"line":19,"column":null}},{"start":{},"end":{}}],"line":19},"3":{"loc":{"start":{"line":20,"column":4},"end":{"line":20,"column":null}},"type":"if","locations":[{"start":{"line":20,"column":4},"end":{"line":20,"column":null}},{"start":{},"end":{}}],"line":20},"4":{"loc":{"start":{"line":21,"column":4},"end":{"line":21,"column":null}},"type":"if","locations":[{"start":{"line":21,"column":4},"end":{"line":21,"column":null}},{"start":{},"end":{}}],"line":21},"5":{"loc":{"start":{"line":25,"column":32},"end":{"line":25,"column":null}},"type":"cond-expr","locations":[{"start":{"line":25,"column":57},"end":{"line":25,"column":65}},{"start":{"line":25,"column":65},"end":{"line":25,"column":null}}],"line":25},"6":{"loc":{"start":{"line":25,"column":65},"end":{"line":25,"column":null}},"type":"cond-expr","locations":[{"start":{"line":25,"column":92},"end":{"line":25,"column":100}},{"start":{"line":25,"column":100},"end":{"line":25,"column":null}}],"line":25},"7":{"loc":{"start":{"line":37,"column":2},"end":{"line":141,"column":null}},"type":"if","locations":[{"start":{"line":37,"column":2},"end":{"line":141,"column":null}},{"start":{},"end":{}}],"line":37},"8":{"loc":{"start":{"line":86,"column":22},"end":{"line":88,"column":null}},"type":"cond-expr","locations":[{"start":{"line":87,"column":26},"end":{"line":87,"column":null}},{"start":{"line":88,"column":26},"end":{"line":88,"column":null}}],"line":86},"9":{"loc":{"start":{"line":91,"column":21},"end":{"line":91,"column":null}},"type":"cond-expr","locations":[{"start":{"line":91,"column":39},"end":{"line":91,"column":47}},{"start":{"line":91,"column":47},"end":{"line":91,"column":null}}],"line":91},"10":{"loc":{"start":{"line":91,"column":47},"end":{"line":91,"column":null}},"type":"cond-expr","locations":[{"start":{"line":91,"column":68},"end":{"line":91,"column":78}},{"start":{"line":91,"column":78},"end":{"line":91,"column":null}}],"line":91},"11":{"loc":{"start":{"line":97,"column":13},"end":{"line":135,"column":null}},"type":"binary-expr","locations":[{"start":{"line":97,"column":13},"end":{"line":97,"column":null}},{"start":{"line":98,"column":14},"end":{"line":135,"column":null}}],"line":97},"12":{"loc":{"start":{"line":119,"column":56},"end":{"line":119,"column":115}},"type":"cond-expr","locations":[{"start":{"line":119,"column":82},"end":{"line":119,"column":101}},{"start":{"line":119,"column":101},"end":{"line":119,"column":115}}],"line":119},"13":{"loc":{"start":{"line":120,"column":23},"end":{"line":120,"column":59}},"type":"cond-expr","locations":[{"start":{"line":120,"column":49},"end":{"line":120,"column":55}},{"start":{"line":120,"column":55},"end":{"line":120,"column":59}}],"line":120},"14":{"loc":{"start":{"line":189,"column":20},"end":{"line":189,"column":null}},"type":"cond-expr","locations":[{"start":{"line":189,"column":44},"end":{"line":189,"column":63}},{"start":{"line":189,"column":63},"end":{"line":189,"column":null}}],"line":189},"15":{"loc":{"start":{"line":193,"column":20},"end":{"line":193,"column":null}},"type":"cond-expr","locations":[{"start":{"line":193,"column":44},"end":{"line":193,"column":59}},{"start":{"line":193,"column":59},"end":{"line":193,"column":null}}],"line":193},"16":{"loc":{"start":{"line":195,"column":21},"end":{"line":195,"column":null}},"type":"cond-expr","locations":[{"start":{"line":195,"column":39},"end":{"line":195,"column":47}},{"start":{"line":195,"column":47},"end":{"line":195,"column":null}}],"line":195},"17":{"loc":{"start":{"line":195,"column":47},"end":{"line":195,"column":null}},"type":"cond-expr","locations":[{"start":{"line":195,"column":68},"end":{"line":195,"column":78}},{"start":{"line":195,"column":78},"end":{"line":195,"column":null}}],"line":195},"18":{"loc":{"start":{"line":202,"column":11},"end":{"line":239,"column":null}},"type":"binary-expr","locations":[{"start":{"line":202,"column":11},"end":{"line":202,"column":null}},{"start":{"line":203,"column":12},"end":{"line":239,"column":null}}],"line":202}},"s":{"0":0,"1":0,"2":0,"3":0,"4":0,"5":0,"6":0,"7":0,"8":0,"9":0,"10":0,"11":0,"12":0,"13":0,"14":0,"15":0,"16":0,"17":0,"18":0,"19":0,"20":0,"21":0,"22":0,"23":0,"24":0,"25":0,"26":0,"27":0,"28":0,"29":0,"30":0,"31":0},"f":{"0":0,"1":0,"2":0,"3":0,"4":0,"5":0,"6":0,"7":0,"8":0,"9":0},"b":{"0":[0,0],"1":[0,0],"2":[0,0],"3":[0,0],"4":[0,0],"5":[0,0],"6":[0,0],"7":[0,0],"8":[0,0],"9":[0,0],"10":[0,0],"11":[0,0],"12":[0,0],"13":[0,0],"14":[0,0],"15":[0,0],"16":[0,0],"17":[0,0],"18":[0,0]},"meta":{"lastBranch":19,"lastFunction":10,"lastStatement":32,"seen":{"f:6:24:6:35":0,"s:7:8:7:Infinity":0,"s:8:36:8:Infinity":1,"s:9:42:9:Infinity":2,"s:10:36:10:Infinity":3,"s:12:35:33:Infinity":4,"f:12:35:12:41":1,"s:13:19:13:Infinity":5,"s:14:22:14:Infinity":6,"b:16:4:16:Infinity:undefined:undefined:undefined:undefined":0,"s:16:4:16:Infinity":7,"b:16:8:16:19:16:19:16:31":1,"s:16:31:16:Infinity":8,"s:18:21:18:Infinity":9,"b:19:4:19:Infinity:undefined:undefined:undefined:undefined":2,"s:19:4:19:Infinity":10,"s:19:31:19:Infinity":11,"b:20:4:20:Infinity:undefined:undefined:undefined:undefined":3,"s:20:4:20:Infinity":12,"s:20:34:20:Infinity":13,"b:21:4:21:Infinity:undefined:undefined:undefined:undefined":4,"s:21:4:21:Infinity":14,"s:21:32:21:Infinity":15,"s:23:25:23:Infinity":16,"s:24:23:24:Infinity":17,"s:25:32:25:Infinity":18,"b:25:57:25:65:25:65:25:Infinity":5,"b:25:92:25:100:25:100:25:Infinity":6,"s:27:4:32:Infinity":19,"s:35:19:35:Infinity":20,"b:37:2:141:Infinity:undefined:undefined:undefined:undefined":7,"s:37:2:141:Infinity":21,"s:38:4:139:Infinity":22,"f:42:21:42:27":2,"s:42:27:42:Infinity":23,"f:60:28:60:29":3,"s:60:35:60:Infinity":24,"f:71:28:71:29":4,"s:71:35:71:Infinity":25,"f:81:58:81:59":5,"s:82:18:92:Infinity":26,"f:84:29:84:35":6,"s:84:35:84:Infinity":27,"b:87:26:87:Infinity:88:26:88:Infinity":8,"b:91:39:91:47:91:47:91:Infinity":9,"b:91:68:91:78:91:78:91:Infinity":10,"b:97:13:97:Infinity:98:14:135:Infinity":11,"b:119:82:119:101:119:101:119:115":12,"b:120:49:120:55:120:55:120:59":13,"s:143:2:243:Infinity":28,"f:147:19:147:25":7,"s:147:25:147:Infinity":29,"f:184:56:184:57":8,"s:185:16:197:Infinity":30,"f:187:27:187:33":9,"s:187:33:187:Infinity":31,"b:189:44:189:63:189:63:189:Infinity":14,"b:193:44:193:59:193:59:193:Infinity":15,"b:195:39:195:47:195:47:195:Infinity":16,"b:195:68:195:78:195:78:195:Infinity":17,"b:202:11:202:Infinity:203:12:239:Infinity":18}}}
,"/Users/addehd/dev/hem/app/app/(tabs)/compare.tsx": {"path":"/Users/addehd/dev/hem/app/app/(tabs)/compare.tsx","statementMap":{"0":{"start":{"line":8,"column":24},"end":{"line":8,"column":null}},"1":{"start":{"line":17,"column":2},"end":{"line":17,"column":null}},"2":{"start":{"line":19,"column":38},"end":{"line":19,"column":null}},"3":{"start":{"line":21,"column":2},"end":{"line":24,"column":null}},"4":{"start":{"line":22,"column":4},"end":{"line":22,"column":null}},"5":{"start":{"line":23,"column":4},"end":{"line":23,"column":null}},"6":{"start":{"line":23,"column":17},"end":{"line":23,"column":null}},"7":{"start":{"line":26,"column":2},"end":{"line":33,"column":null}},"8":{"start":{"line":27,"column":4},"end":{"line":32,"column":null}},"9":{"start":{"line":28,"column":33},"end":{"line":30,"column":null}},"10":{"start":{"line":29,"column":8},"end":{"line":29,"column":null}},"11":{"start":{"line":31,"column":6},"end":{"line":31,"column":null}},"12":{"start":{"line":35,"column":31},"end":{"line":41,"column":null}},"13":{"start":{"line":36,"column":4},"end":{"line":40,"column":null}},"14":{"start":{"line":37,"column":6},"end":{"line":37,"column":null}},"15":{"start":{"line":39,"column":6},"end":{"line":39,"column":null}},"16":{"start":{"line":43,"column":2},"end":{"line":141,"column":null}},"17":{"start":{"line":44,"column":4},"end":{"line":139,"column":null}},"18":{"start":{"line":56,"column":31},"end":{"line":56,"column":null}},"19":{"start":{"line":75,"column":20},"end":{"line":86,"column":null}},"20":{"start":{"line":77,"column":37},"end":{"line":77,"column":null}},"21":{"start":{"line":104,"column":31},"end":{"line":104,"column":null}},"22":{"start":{"line":115,"column":16},"end":{"line":134,"column":null}},"23":{"start":{"line":143,"column":2},"end":{"line":220,"column":null}},"24":{"start":{"line":150,"column":25},"end":{"line":150,"column":null}},"25":{"start":{"line":168,"column":16},"end":{"line":178,"column":null}},"26":{"start":{"line":170,"column":33},"end":{"line":170,"column":null}},"27":{"start":{"line":200,"column":14},"end":{"line":215,"column":null}}},"fnMap":{"0":{"name":"CompareTab","decl":{"start":{"line":7,"column":24},"end":{"line":7,"column":37}},"loc":{"start":{"line":7,"column":37},"end":{"line":222,"column":null}},"line":7},"1":{"name":"(anonymous_1)","decl":{"start":{"line":21,"column":12},"end":{"line":21,"column":18}},"loc":{"start":{"line":21,"column":18},"end":{"line":24,"column":5}},"line":21},"2":{"name":"(anonymous_2)","decl":{"start":{"line":23,"column":11},"end":{"line":23,"column":17}},"loc":{"start":{"line":23,"column":17},"end":{"line":23,"column":null}},"line":23},"3":{"name":"(anonymous_3)","decl":{"start":{"line":26,"column":12},"end":{"line":26,"column":18}},"loc":{"start":{"line":26,"column":18},"end":{"line":33,"column":5}},"line":26},"4":{"name":"(anonymous_4)","decl":{"start":{"line":28,"column":54},"end":{"line":28,"column":55}},"loc":{"start":{"line":29,"column":8},"end":{"line":29,"column":null}},"line":29},"5":{"name":"(anonymous_5)","decl":{"start":{"line":35,"column":31},"end":{"line":35,"column":32}},"loc":{"start":{"line":35,"column":55},"end":{"line":41,"column":null}},"line":35},"6":{"name":"(anonymous_6)","decl":{"start":{"line":56,"column":25},"end":{"line":56,"column":31}},"loc":{"start":{"line":56,"column":31},"end":{"line":56,"column":null}},"line":56},"7":{"name":"(anonymous_7)","decl":{"start":{"line":74,"column":37},"end":{"line":74,"column":38}},"loc":{"start":{"line":75,"column":20},"end":{"line":86,"column":null}},"line":75},"8":{"name":"(anonymous_8)","decl":{"start":{"line":77,"column":31},"end":{"line":77,"column":37}},"loc":{"start":{"line":77,"column":37},"end":{"line":77,"column":null}},"line":77},"9":{"name":"(anonymous_9)","decl":{"start":{"line":104,"column":25},"end":{"line":104,"column":31}},"loc":{"start":{"line":104,"column":31},"end":{"line":104,"column":null}},"line":104},"10":{"name":"(anonymous_10)","decl":{"start":{"line":114,"column":34},"end":{"line":114,"column":35}},"loc":{"start":{"line":115,"column":16},"end":{"line":134,"column":null}},"line":115},"11":{"name":"(anonymous_11)","decl":{"start":{"line":150,"column":19},"end":{"line":150,"column":25}},"loc":{"start":{"line":150,"column":25},"end":{"line":150,"column":null}},"line":150},"12":{"name":"(anonymous_12)","decl":{"start":{"line":167,"column":33},"end":{"line":167,"column":34}},"loc":{"start":{"line":168,"column":16},"end":{"line":178,"column":null}},"line":168},"13":{"name":"(anonymous_13)","decl":{"start":{"line":170,"column":27},"end":{"line":170,"column":33}},"loc":{"start":{"line":170,"column":33},"end":{"line":170,"column":null}},"line":170},"14":{"name":"(anonymous_14)","decl":{"start":{"line":199,"column":32},"end":{"line":199,"column":33}},"loc":{"start":{"line":200,"column":14},"end":{"line":215,"column":null}},"line":200}},"branchMap":{"0":{"loc":{"start":{"line":27,"column":4},"end":{"line":32,"column":null}},"type":"if","locations":[{"start":{"line":27,"column":4},"end":{"line":32,"column":null}},{"start":{},"end":{}}],"line":27},"1":{"loc":{"start":{"line":36,"column":4},"end":{"line":40,"column":null}},"type":"if","locations":[{"start":{"line":36,"column":4},"end":{"line":40,"column":null}},{"start":{"line":38,"column":11},"end":{"line":40,"column":null}}],"line":36},"2":{"loc":{"start":{"line":43,"column":2},"end":{"line":141,"column":null}},"type":"if","locations":[{"start":{"line":43,"column":2},"end":{"line":141,"column":null}},{"start":{},"end":{}}],"line":43},"3":{"loc":{"start":{"line":59,"column":17},"end":{"line":59,"column":48}},"type":"cond-expr","locations":[{"start":{"line":59,"column":32},"end":{"line":59,"column":41}},{"start":{"line":59,"column":41},"end":{"line":59,"column":48}}],"line":59},"4":{"loc":{"start":{"line":66,"column":9},"end":{"line":91,"column":null}},"type":"binary-expr","locations":[{"start":{"line":66,"column":9},"end":{"line":66,"column":null}},{"start":{"line":67,"column":10},"end":{"line":91,"column":null}}],"line":66},"5":{"loc":{"start":{"line":70,"column":15},"end":{"line":88,"column":null}},"type":"cond-expr","locations":[{"start":{"line":71,"column":16},"end":{"line":71,"column":null}},{"start":{"line":73,"column":16},"end":{"line":88,"column":null}}],"line":70},"6":{"loc":{"start":{"line":79,"column":24},"end":{"line":81,"column":null}},"type":"cond-expr","locations":[{"start":{"line":80,"column":28},"end":{"line":80,"column":null}},{"start":{"line":81,"column":28},"end":{"line":81,"column":null}}],"line":79},"7":{"loc":{"start":{"line":84,"column":67},"end":{"line":84,"column":102}},"type":"binary-expr","locations":[{"start":{"line":84,"column":67},"end":{"line":84,"column":87}},{"start":{"line":84,"column":87},"end":{"line":84,"column":102}}],"line":84},"8":{"loc":{"start":{"line":85,"column":60},"end":{"line":85,"column":129}},"type":"cond-expr","locations":[{"start":{"line":85,"column":77},"end":{"line":85,"column":126}},{"start":{"line":85,"column":126},"end":{"line":85,"column":129}}],"line":85},"9":{"loc":{"start":{"line":95,"column":9},"end":{"line":137,"column":null}},"type":"cond-expr","locations":[{"start":{"line":96,"column":10},"end":{"line":110,"column":null}},{"start":{"line":112,"column":10},"end":{"line":137,"column":null}}],"line":95},"10":{"loc":{"start":{"line":116,"column":58},"end":{"line":116,"column":104}},"type":"binary-expr","locations":[{"start":{"line":116,"column":58},"end":{"line":116,"column":89}},{"start":{"line":116,"column":89},"end":{"line":116,"column":104}}],"line":116},"11":{"loc":{"start":{"line":123,"column":53},"end":{"line":123,"column":86}},"type":"binary-expr","locations":[{"start":{"line":123,"column":53},"end":{"line":123,"column":82}},{"start":{"line":123,"column":82},"end":{"line":123,"column":86}}],"line":123},"12":{"loc":{"start":{"line":127,"column":53},"end":{"line":127,"column":119}},"type":"cond-expr","locations":[{"start":{"line":127,"column":80},"end":{"line":127,"column":115}},{"start":{"line":127,"column":115},"end":{"line":127,"column":119}}],"line":127},"13":{"loc":{"start":{"line":131,"column":53},"end":{"line":131,"column":121}},"type":"cond-expr","locations":[{"start":{"line":131,"column":79},"end":{"line":131,"column":117}},{"start":{"line":131,"column":117},"end":{"line":131,"column":121}}],"line":131},"14":{"loc":{"start":{"line":154,"column":13},"end":{"line":154,"column":44}},"type":"cond-expr","locations":[{"start":{"line":154,"column":28},"end":{"line":154,"column":37}},{"start":{"line":154,"column":37},"end":{"line":154,"column":44}}],"line":154},"15":{"loc":{"start":{"line":160,"column":7},"end":{"line":182,"column":null}},"type":"binary-expr","locations":[{"start":{"line":160,"column":7},"end":{"line":160,"column":null}},{"start":{"line":161,"column":8},"end":{"line":182,"column":null}}],"line":160},"16":{"loc":{"start":{"line":163,"column":11},"end":{"line":180,"column":null}},"type":"cond-expr","locations":[{"start":{"line":164,"column":12},"end":{"line":164,"column":null}},{"start":{"line":166,"column":12},"end":{"line":180,"column":null}}],"line":163},"17":{"loc":{"start":{"line":172,"column":20},"end":{"line":174,"column":null}},"type":"cond-expr","locations":[{"start":{"line":173,"column":24},"end":{"line":173,"column":null}},{"start":{"line":174,"column":24},"end":{"line":174,"column":null}}],"line":172},"18":{"loc":{"start":{"line":177,"column":57},"end":{"line":177,"column":85}},"type":"binary-expr","locations":[{"start":{"line":177,"column":57},"end":{"line":177,"column":77}},{"start":{"line":177,"column":77},"end":{"line":177,"column":85}}],"line":177},"19":{"loc":{"start":{"line":186,"column":7},"end":{"line":218,"column":null}},"type":"cond-expr","locations":[{"start":{"line":187,"column":8},"end":{"line":195,"column":null}},{"start":{"line":197,"column":8},"end":{"line":218,"column":null}}],"line":186},"20":{"loc":{"start":{"line":201,"column":58},"end":{"line":201,"column":97}},"type":"binary-expr","locations":[{"start":{"line":201,"column":58},"end":{"line":201,"column":89}},{"start":{"line":201,"column":89},"end":{"line":201,"column":97}}],"line":201},"21":{"loc":{"start":{"line":208,"column":51},"end":{"line":208,"column":84}},"type":"binary-expr","locations":[{"start":{"line":208,"column":51},"end":{"line":208,"column":80}},{"start":{"line":208,"column":80},"end":{"line":208,"column":84}}],"line":208},"22":{"loc":{"start":{"line":212,"column":51},"end":{"line":212,"column":117}},"type":"cond-expr","locations":[{"start":{"line":212,"column":78},"end":{"line":212,"column":113}},{"start":{"line":212,"column":113},"end":{"line":212,"column":117}}],"line":212}},"s":{"0":0,"1":0,"2":0,"3":0,"4":0,"5":0,"6":0,"7":0,"8":0,"9":0,"10":0,"11":0,"12":0,"13":0,"14":0,"15":0,"16":0,"17":0,"18":0,"19":0,"20":0,"21":0,"22":0,"23":0,"24":0,"25":0,"26":0,"27":0},"f":{"0":0,"1":0,"2":0,"3":0,"4":0,"5":0,"6":0,"7":0,"8":0,"9":0,"10":0,"11":0,"12":0,"13":0,"14":0},"b":{"0":[0,0],"1":[0,0],"2":[0,0],"3":[0,0],"4":[0,0],"5":[0,0],"6":[0,0],"7":[0,0],"8":[0,0],"9":[0,0],"10":[0,0],"11":[0,0],"12":[0,0],"13":[0,0],"14":[0,0],"15":[0,0],"16":[0,0],"17":[0,0],"18":[0,0],"19":[0,0],"20":[0,0],"21":[0,0],"22":[0,0]},"meta":{"lastBranch":23,"lastFunction":15,"lastStatement":28,"seen":{"f:7:24:7:37":0,"s:8:24:8:Infinity":0,"s:17:2:17:Infinity":1,"s:19:38:19:Infinity":2,"s:21:2:24:Infinity":3,"f:21:12:21:18":1,"s:22:4:22:Infinity":4,"s:23:4:23:Infinity":5,"f:23:11:23:17":2,"s:23:17:23:Infinity":6,"s:26:2:33:Infinity":7,"f:26:12:26:18":3,"b:27:4:32:Infinity:undefined:undefined:undefined:undefined":0,"s:27:4:32:Infinity":8,"s:28:33:30:Infinity":9,"f:28:54:28:55":4,"s:29:8:29:Infinity":10,"s:31:6:31:Infinity":11,"s:35:31:41:Infinity":12,"f:35:31:35:32":5,"b:36:4:40:Infinity:38:11:40:Infinity":1,"s:36:4:40:Infinity":13,"s:37:6:37:Infinity":14,"s:39:6:39:Infinity":15,"b:43:2:141:Infinity:undefined:undefined:undefined:undefined":2,"s:43:2:141:Infinity":16,"s:44:4:139:Infinity":17,"f:56:25:56:31":6,"s:56:31:56:Infinity":18,"b:59:32:59:41:59:41:59:48":3,"b:66:9:66:Infinity:67:10:91:Infinity":4,"b:71:16:71:Infinity:73:16:88:Infinity":5,"f:74:37:74:38":7,"s:75:20:86:Infinity":19,"f:77:31:77:37":8,"s:77:37:77:Infinity":20,"b:80:28:80:Infinity:81:28:81:Infinity":6,"b:84:67:84:87:84:87:84:102":7,"b:85:77:85:126:85:126:85:129":8,"b:96:10:110:Infinity:112:10:137:Infinity":9,"f:104:25:104:31":9,"s:104:31:104:Infinity":21,"f:114:34:114:35":10,"s:115:16:134:Infinity":22,"b:116:58:116:89:116:89:116:104":10,"b:123:53:123:82:123:82:123:86":11,"b:127:80:127:115:127:115:127:119":12,"b:131:79:131:117:131:117:131:121":13,"s:143:2:220:Infinity":23,"f:150:19:150:25":11,"s:150:25:150:Infinity":24,"b:154:28:154:37:154:37:154:44":14,"b:160:7:160:Infinity:161:8:182:Infinity":15,"b:164:12:164:Infinity:166:12:180:Infinity":16,"f:167:33:167:34":12,"s:168:16:178:Infinity":25,"f:170:27:170:33":13,"s:170:33:170:Infinity":26,"b:173:24:173:Infinity:174:24:174:Infinity":17,"b:177:57:177:77:177:77:177:85":18,"b:187:8:195:Infinity:197:8:218:Infinity":19,"f:199:32:199:33":14,"s:200:14:215:Infinity":27,"b:201:58:201:89:201:89:201:97":20,"b:208:51:208:80:208:80:208:84":21,"b:212:78:212:113:212:113:212:117":22}}}
,"/Users/addehd/dev/hem/app/app/(tabs)/map.native.tsx": {"path":"/Users/addehd/dev/hem/app/app/(tabs)/map.native.tsx","statementMap":{"0":{"start":{"line":9,"column":23},"end":{"line":14,"column":null}},"1":{"start":{"line":17,"column":36},"end":{"line":17,"column":null}},"2":{"start":{"line":18,"column":20},"end":{"line":18,"column":null}},"3":{"start":{"line":20,"column":27},"end":{"line":20,"column":null}},"4":{"start":{"line":27,"column":2},"end":{"line":27,"column":null}},"5":{"start":{"line":29,"column":2},"end":{"line":32,"column":null}},"6":{"start":{"line":30,"column":4},"end":{"line":30,"column":null}},"7":{"start":{"line":31,"column":4},"end":{"line":31,"column":null}},"8":{"start":{"line":34,"column":23},"end":{"line":46,"column":null}},"9":{"start":{"line":35,"column":4},"end":{"line":35,"column":null}},"10":{"start":{"line":35,"column":21},"end":{"line":35,"column":null}},"11":{"start":{"line":37,"column":4},"end":{"line":45,"column":null}},"12":{"start":{"line":38,"column":23},"end":{"line":38,"column":null}},"13":{"start":{"line":39,"column":18},"end":{"line":39,"column":null}},"14":{"start":{"line":40,"column":18},"end":{"line":40,"column":null}},"15":{"start":{"line":41,"column":6},"end":{"line":41,"column":null}},"16":{"start":{"line":42,"column":6},"end":{"line":42,"column":null}},"17":{"start":{"line":44,"column":6},"end":{"line":44,"column":null}},"18":{"start":{"line":49,"column":29},"end":{"line":49,"column":null}},"19":{"start":{"line":51,"column":2},"end":{"line":162,"column":null}},"20":{"start":{"line":59,"column":10},"end":{"line":68,"column":null}},"21":{"start":{"line":75,"column":23},"end":{"line":75,"column":null}},"22":{"start":{"line":142,"column":22},"end":{"line":153,"column":null}},"23":{"start":{"line":149,"column":41},"end":{"line":149,"column":null}},"24":{"start":{"line":166,"column":15},"end":{"line":320,"column":null}}},"fnMap":{"0":{"name":"MapTab","decl":{"start":{"line":16,"column":24},"end":{"line":16,"column":33}},"loc":{"start":{"line":16,"column":33},"end":{"line":164,"column":null}},"line":16},"1":{"name":"(anonymous_1)","decl":{"start":{"line":29,"column":12},"end":{"line":29,"column":18}},"loc":{"start":{"line":29,"column":18},"end":{"line":32,"column":5}},"line":29},"2":{"name":"(anonymous_2)","decl":{"start":{"line":34,"column":23},"end":{"line":34,"column":35}},"loc":{"start":{"line":34,"column":35},"end":{"line":46,"column":null}},"line":34},"3":{"name":"(anonymous_3)","decl":{"start":{"line":58,"column":32},"end":{"line":58,"column":33}},"loc":{"start":{"line":59,"column":10},"end":{"line":68,"column":null}},"line":59},"4":{"name":"(anonymous_4)","decl":{"start":{"line":75,"column":17},"end":{"line":75,"column":23}},"loc":{"start":{"line":75,"column":23},"end":{"line":75,"column":null}},"line":75},"5":{"name":"(anonymous_5)","decl":{"start":{"line":141,"column":39},"end":{"line":141,"column":40}},"loc":{"start":{"line":142,"column":22},"end":{"line":153,"column":null}},"line":142},"6":{"name":"(anonymous_6)","decl":{"start":{"line":149,"column":35},"end":{"line":149,"column":41}},"loc":{"start":{"line":149,"column":41},"end":{"line":149,"column":null}},"line":149}},"branchMap":{"0":{"loc":{"start":{"line":35,"column":4},"end":{"line":35,"column":null}},"type":"if","locations":[{"start":{"line":35,"column":4},"end":{"line":35,"column":null}},{"start":{},"end":{}}],"line":35},"1":{"loc":{"start":{"line":38,"column":23},"end":{"line":38,"column":null}},"type":"binary-expr","locations":[{"start":{"line":38,"column":23},"end":{"line":38,"column":38}},{"start":{"line":38,"column":38},"end":{"line":38,"column":null}}],"line":38},"2":{"loc":{"start":{"line":65,"column":19},"end":{"line":65,"column":null}},"type":"binary-expr","locations":[{"start":{"line":65,"column":19},"end":{"line":65,"column":33}},{"start":{"line":65,"column":33},"end":{"line":65,"column":null}}],"line":65},"3":{"loc":{"start":{"line":78,"column":11},"end":{"line":78,"column":null}},"type":"cond-expr","locations":[{"start":{"line":78,"column":25},"end":{"line":78,"column":37}},{"start":{"line":78,"column":37},"end":{"line":78,"column":null}}],"line":78},"4":{"loc":{"start":{"line":83,"column":7},"end":{"line":160,"column":null}},"type":"binary-expr","locations":[{"start":{"line":83,"column":7},"end":{"line":83,"column":null}},{"start":{"line":84,"column":8},"end":{"line":160,"column":null}}],"line":83},"5":{"loc":{"start":{"line":102,"column":25},"end":{"line":103,"column":null}},"type":"binary-expr","locations":[{"start":{"line":103,"column":19},"end":{"line":103,"column":32}},{"start":{"line":103,"column":32},"end":{"line":103,"column":48}},{"start":{"line":103,"column":48},"end":{"line":103,"column":null}}],"line":102},"6":{"loc":{"start":{"line":106,"column":26},"end":{"line":106,"column":null}},"type":"binary-expr","locations":[{"start":{"line":106,"column":26},"end":{"line":106,"column":39}},{"start":{"line":106,"column":39},"end":{"line":106,"column":null}}],"line":106},"7":{"loc":{"start":{"line":109,"column":19},"end":{"line":109,"column":null}},"type":"cond-expr","locations":[{"start":{"line":109,"column":31},"end":{"line":109,"column":46}},{"start":{"line":109,"column":46},"end":{"line":109,"column":null}}],"line":109},"8":{"loc":{"start":{"line":114,"column":13},"end":{"line":119,"column":null}},"type":"binary-expr","locations":[{"start":{"line":114,"column":13},"end":{"line":114,"column":null}},{"start":{"line":115,"column":14},"end":{"line":119,"column":null}}],"line":114},"9":{"loc":{"start":{"line":122,"column":13},"end":{"line":126,"column":null}},"type":"binary-expr","locations":[{"start":{"line":122,"column":13},"end":{"line":122,"column":null}},{"start":{"line":123,"column":14},"end":{"line":126,"column":null}}],"line":122},"10":{"loc":{"start":{"line":129,"column":13},"end":{"line":157,"column":null}},"type":"binary-expr","locations":[{"start":{"line":129,"column":13},"end":{"line":129,"column":null}},{"start":{"line":130,"column":14},"end":{"line":157,"column":null}}],"line":129},"11":{"loc":{"start":{"line":135,"column":17},"end":{"line":155,"column":null}},"type":"cond-expr","locations":[{"start":{"line":136,"column":18},"end":{"line":138,"column":null}},{"start":{"line":140,"column":18},"end":{"line":155,"column":null}}],"line":135},"12":{"loc":{"start":{"line":144,"column":58},"end":{"line":144,"column":79}},"type":"binary-expr","locations":[{"start":{"line":144,"column":58},"end":{"line":144,"column":72}},{"start":{"line":144,"column":72},"end":{"line":144,"column":79}}],"line":144}},"s":{"0":0,"1":0,"2":0,"3":0,"4":0,"5":0,"6":0,"7":0,"8":0,"9":0,"10":0,"11":0,"12":0,"13":0,"14":0,"15":0,"16":0,"17":0,"18":0,"19":0,"20":0,"21":0,"22":0,"23":0,"24":0},"f":{"0":0,"1":0,"2":0,"3":0,"4":0,"5":0,"6":0},"b":{"0":[0,0],"1":[0,0],"2":[0,0],"3":[0,0],"4":[0,0],"5":[0,0,0],"6":[0,0],"7":[0,0],"8":[0,0],"9":[0,0],"10":[0,0],"11":[0,0],"12":[0,0]},"meta":{"lastBranch":13,"lastFunction":7,"lastStatement":25,"seen":{"s:9:23:14:Infinity":0,"f:16:24:16:33":0,"s:17:36:17:Infinity":1,"s:18:20:18:Infinity":2,"s:20:27:20:Infinity":3,"s:27:2:27:Infinity":4,"s:29:2:32:Infinity":5,"f:29:12:29:18":1,"s:30:4:30:Infinity":6,"s:31:4:31:Infinity":7,"s:34:23:46:Infinity":8,"f:34:23:34:35":2,"b:35:4:35:Infinity:undefined:undefined:undefined:undefined":0,"s:35:4:35:Infinity":9,"s:35:21:35:Infinity":10,"s:37:4:45:Infinity":11,"s:38:23:38:Infinity":12,"b:38:23:38:38:38:38:38:Infinity":1,"s:39:18:39:Infinity":13,"s:40:18:40:Infinity":14,"s:41:6:41:Infinity":15,"s:42:6:42:Infinity":16,"s:44:6:44:Infinity":17,"s:49:29:49:Infinity":18,"s:51:2:162:Infinity":19,"f:58:32:58:33":3,"s:59:10:68:Infinity":20,"b:65:19:65:33:65:33:65:Infinity":2,"f:75:17:75:23":4,"s:75:23:75:Infinity":21,"b:78:25:78:37:78:37:78:Infinity":3,"b:83:7:83:Infinity:84:8:160:Infinity":4,"b:103:19:103:32:103:32:103:48:103:48:103:Infinity":5,"b:106:26:106:39:106:39:106:Infinity":6,"b:109:31:109:46:109:46:109:Infinity":7,"b:114:13:114:Infinity:115:14:119:Infinity":8,"b:122:13:122:Infinity:123:14:126:Infinity":9,"b:129:13:129:Infinity:130:14:157:Infinity":10,"b:136:18:138:Infinity:140:18:155:Infinity":11,"f:141:39:141:40":5,"s:142:22:153:Infinity":22,"b:144:58:144:72:144:72:144:79":12,"f:149:35:149:41":6,"s:149:41:149:Infinity":23,"s:166:15:320:Infinity":24}}}
,"/Users/addehd/dev/hem/app/app/(tabs)/map.tsx": {"path":"/Users/addehd/dev/hem/app/app/(tabs)/map.tsx","statementMap":{"0":{"start":{"line":8,"column":36},"end":{"line":8,"column":null}},"1":{"start":{"line":9,"column":20},"end":{"line":9,"column":null}},"2":{"start":{"line":11,"column":27},"end":{"line":11,"column":null}},"3":{"start":{"line":18,"column":2},"end":{"line":18,"column":null}},"4":{"start":{"line":20,"column":2},"end":{"line":23,"column":null}},"5":{"start":{"line":21,"column":4},"end":{"line":21,"column":null}},"6":{"start":{"line":22,"column":4},"end":{"line":22,"column":null}},"7":{"start":{"line":25,"column":23},"end":{"line":37,"column":null}},"8":{"start":{"line":26,"column":4},"end":{"line":26,"column":null}},"9":{"start":{"line":26,"column":21},"end":{"line":26,"column":null}},"10":{"start":{"line":28,"column":4},"end":{"line":36,"column":null}},"11":{"start":{"line":29,"column":23},"end":{"line":29,"column":null}},"12":{"start":{"line":30,"column":18},"end":{"line":30,"column":null}},"13":{"start":{"line":31,"column":18},"end":{"line":31,"column":null}},"14":{"start":{"line":32,"column":6},"end":{"line":32,"column":null}},"15":{"start":{"line":33,"column":6},"end":{"line":33,"column":null}},"16":{"start":{"line":35,"column":6},"end":{"line":35,"column":null}},"17":{"start":{"line":39,"column":2},"end":{"line":139,"column":null}},"18":{"start":{"line":52,"column":23},"end":{"line":52,"column":null}},"19":{"start":{"line":119,"column":22},"end":{"line":130,"column":null}},"20":{"start":{"line":126,"column":41},"end":{"line":126,"column":null}},"21":{"start":{"line":143,"column":15},"end":{"line":310,"column":null}}},"fnMap":{"0":{"name":"MapTab","decl":{"start":{"line":7,"column":24},"end":{"line":7,"column":33}},"loc":{"start":{"line":7,"column":33},"end":{"line":141,"column":null}},"line":7},"1":{"name":"(anonymous_1)","decl":{"start":{"line":20,"column":12},"end":{"line":20,"column":18}},"loc":{"start":{"line":20,"column":18},"end":{"line":23,"column":5}},"line":20},"2":{"name":"(anonymous_2)","decl":{"start":{"line":25,"column":23},"end":{"line":25,"column":35}},"loc":{"start":{"line":25,"column":35},"end":{"line":37,"column":null}},"line":25},"3":{"name":"(anonymous_3)","decl":{"start":{"line":52,"column":17},"end":{"line":52,"column":23}},"loc":{"start":{"line":52,"column":23},"end":{"line":52,"column":null}},"line":52},"4":{"name":"(anonymous_4)","decl":{"start":{"line":118,"column":39},"end":{"line":118,"column":40}},"loc":{"start":{"line":119,"column":22},"end":{"line":130,"column":null}},"line":119},"5":{"name":"(anonymous_5)","decl":{"start":{"line":126,"column":35},"end":{"line":126,"column":41}},"loc":{"start":{"line":126,"column":41},"end":{"line":126,"column":null}},"line":126}},"branchMap":{"0":{"loc":{"start":{"line":26,"column":4},"end":{"line":26,"column":null}},"type":"if","locations":[{"start":{"line":26,"column":4},"end":{"line":26,"column":null}},{"start":{},"end":{}}],"line":26},"1":{"loc":{"start":{"line":29,"column":23},"end":{"line":29,"column":null}},"type":"binary-expr","locations":[{"start":{"line":29,"column":23},"end":{"line":29,"column":38}},{"start":{"line":29,"column":38},"end":{"line":29,"column":null}}],"line":29},"2":{"loc":{"start":{"line":55,"column":11},"end":{"line":55,"column":null}},"type":"cond-expr","locations":[{"start":{"line":55,"column":25},"end":{"line":55,"column":37}},{"start":{"line":55,"column":37},"end":{"line":55,"column":null}}],"line":55},"3":{"loc":{"start":{"line":60,"column":7},"end":{"line":137,"column":null}},"type":"binary-expr","locations":[{"start":{"line":60,"column":7},"end":{"line":60,"column":null}},{"start":{"line":61,"column":8},"end":{"line":137,"column":null}}],"line":60},"4":{"loc":{"start":{"line":79,"column":25},"end":{"line":80,"column":null}},"type":"binary-expr","locations":[{"start":{"line":80,"column":19},"end":{"line":80,"column":32}},{"start":{"line":80,"column":32},"end":{"line":80,"column":48}},{"start":{"line":80,"column":48},"end":{"line":80,"column":null}}],"line":79},"5":{"loc":{"start":{"line":83,"column":26},"end":{"line":83,"column":null}},"type":"binary-expr","locations":[{"start":{"line":83,"column":26},"end":{"line":83,"column":39}},{"start":{"line":83,"column":39},"end":{"line":83,"column":null}}],"line":83},"6":{"loc":{"start":{"line":86,"column":19},"end":{"line":86,"column":null}},"type":"cond-expr","locations":[{"start":{"line":86,"column":31},"end":{"line":86,"column":46}},{"start":{"line":86,"column":46},"end":{"line":86,"column":null}}],"line":86},"7":{"loc":{"start":{"line":91,"column":13},"end":{"line":96,"column":null}},"type":"binary-expr","locations":[{"start":{"line":91,"column":13},"end":{"line":91,"column":null}},{"start":{"line":92,"column":14},"end":{"line":96,"column":null}}],"line":91},"8":{"loc":{"start":{"line":99,"column":13},"end":{"line":103,"column":null}},"type":"binary-expr","locations":[{"start":{"line":99,"column":13},"end":{"line":99,"column":null}},{"start":{"line":100,"column":14},"end":{"line":103,"column":null}}],"line":99},"9":{"loc":{"start":{"line":106,"column":13},"end":{"line":134,"column":null}},"type":"binary-expr","locations":[{"start":{"line":106,"column":13},"end":{"line":106,"column":null}},{"start":{"line":107,"column":14},"end":{"line":134,"column":null}}],"line":106},"10":{"loc":{"start":{"line":112,"column":17},"end":{"line":132,"column":null}},"type":"cond-expr","locations":[{"start":{"line":113,"column":18},"end":{"line":115,"column":null}},{"start":{"line":117,"column":18},"end":{"line":132,"column":null}}],"line":112},"11":{"loc":{"start":{"line":121,"column":58},"end":{"line":121,"column":79}},"type":"binary-expr","locations":[{"start":{"line":121,"column":58},"end":{"line":121,"column":72}},{"start":{"line":121,"column":72},"end":{"line":121,"column":79}}],"line":121}},"s":{"0":0,"1":0,"2":0,"3":0,"4":0,"5":0,"6":0,"7":0,"8":0,"9":0,"10":0,"11":0,"12":0,"13":0,"14":0,"15":0,"16":0,"17":0,"18":0,"19":0,"20":0,"21":0},"f":{"0":0,"1":0,"2":0,"3":0,"4":0,"5":0},"b":{"0":[0,0],"1":[0,0],"2":[0,0],"3":[0,0],"4":[0,0,0],"5":[0,0],"6":[0,0],"7":[0,0],"8":[0,0],"9":[0,0],"10":[0,0],"11":[0,0]},"meta":{"lastBranch":12,"lastFunction":6,"lastStatement":22,"seen":{"f:7:24:7:33":0,"s:8:36:8:Infinity":0,"s:9:20:9:Infinity":1,"s:11:27:11:Infinity":2,"s:18:2:18:Infinity":3,"s:20:2:23:Infinity":4,"f:20:12:20:18":1,"s:21:4:21:Infinity":5,"s:22:4:22:Infinity":6,"s:25:23:37:Infinity":7,"f:25:23:25:35":2,"b:26:4:26:Infinity:undefined:undefined:undefined:undefined":0,"s:26:4:26:Infinity":8,"s:26:21:26:Infinity":9,"s:28:4:36:Infinity":10,"s:29:23:29:Infinity":11,"b:29:23:29:38:29:38:29:Infinity":1,"s:30:18:30:Infinity":12,"s:31:18:31:Infinity":13,"s:32:6:32:Infinity":14,"s:33:6:33:Infinity":15,"s:35:6:35:Infinity":16,"s:39:2:139:Infinity":17,"f:52:17:52:23":3,"s:52:23:52:Infinity":18,"b:55:25:55:37:55:37:55:Infinity":2,"b:60:7:60:Infinity:61:8:137:Infinity":3,"b:80:19:80:32:80:32:80:48:80:48:80:Infinity":4,"b:83:26:83:39:83:39:83:Infinity":5,"b:86:31:86:46:86:46:86:Infinity":6,"b:91:13:91:Infinity:92:14:96:Infinity":7,"b:99:13:99:Infinity:100:14:103:Infinity":8,"b:106:13:106:Infinity:107:14:134:Infinity":9,"b:113:18:115:Infinity:117:18:132:Infinity":10,"f:118:39:118:40":4,"s:119:22:130:Infinity":19,"b:121:58:121:72:121:72:121:79":11,"f:126:35:126:41":5,"s:126:41:126:Infinity":20,"s:143:15:310:Infinity":21}}}
,"/Users/addehd/dev/hem/app/app/(tabs)/map.web.tsx": {"path":"/Users/addehd/dev/hem/app/app/(tabs)/map.web.tsx","statementMap":{"0":{"start":{"line":9,"column":27},"end":{"line":13,"column":null}},"1":{"start":{"line":16,"column":36},"end":{"line":16,"column":null}},"2":{"start":{"line":17,"column":20},"end":{"line":17,"column":null}},"3":{"start":{"line":19,"column":27},"end":{"line":19,"column":null}},"4":{"start":{"line":26,"column":2},"end":{"line":26,"column":null}},"5":{"start":{"line":28,"column":2},"end":{"line":31,"column":null}},"6":{"start":{"line":29,"column":4},"end":{"line":29,"column":null}},"7":{"start":{"line":30,"column":4},"end":{"line":30,"column":null}},"8":{"start":{"line":33,"column":23},"end":{"line":47,"column":null}},"9":{"start":{"line":34,"column":4},"end":{"line":34,"column":null}},"10":{"start":{"line":35,"column":4},"end":{"line":35,"column":null}},"11":{"start":{"line":35,"column":21},"end":{"line":35,"column":null}},"12":{"start":{"line":37,"column":4},"end":{"line":46,"column":null}},"13":{"start":{"line":38,"column":23},"end":{"line":38,"column":null}},"14":{"start":{"line":39,"column":18},"end":{"line":39,"column":null}},"15":{"start":{"line":40,"column":18},"end":{"line":40,"column":null}},"16":{"start":{"line":42,"column":6},"end":{"line":42,"column":null}},"17":{"start":{"line":43,"column":6},"end":{"line":43,"column":null}},"18":{"start":{"line":45,"column":6},"end":{"line":45,"column":null}},"19":{"start":{"line":49,"column":20},"end":{"line":49,"column":null}},"20":{"start":{"line":50,"column":23},"end":{"line":50,"column":null}},"21":{"start":{"line":53,"column":29},"end":{"line":64,"column":null}},"22":{"start":{"line":54,"column":10},"end":{"line":54,"column":null}},"23":{"start":{"line":55,"column":4},"end":{"line":62,"column":null}},"24":{"start":{"line":56,"column":6},"end":{"line":61,"column":null}},"25":{"start":{"line":63,"column":4},"end":{"line":63,"column":null}},"26":{"start":{"line":67,"column":2},"end":{"line":281,"column":null}},"27":{"start":{"line":77,"column":10},"end":{"line":96,"column":null}},"28":{"start":{"line":103,"column":23},"end":{"line":103,"column":null}},"29":{"start":{"line":151,"column":33},"end":{"line":151,"column":null}},"30":{"start":{"line":233,"column":26},"end":{"line":233,"column":null}},"31":{"start":{"line":234,"column":20},"end":{"line":272,"column":null}},"32":{"start":{"line":258,"column":43},"end":{"line":258,"column":null}}},"fnMap":{"0":{"name":"MapTab","decl":{"start":{"line":15,"column":24},"end":{"line":15,"column":33}},"loc":{"start":{"line":15,"column":33},"end":{"line":283,"column":null}},"line":15},"1":{"name":"(anonymous_1)","decl":{"start":{"line":28,"column":12},"end":{"line":28,"column":18}},"loc":{"start":{"line":28,"column":18},"end":{"line":31,"column":5}},"line":28},"2":{"name":"(anonymous_2)","decl":{"start":{"line":33,"column":23},"end":{"line":33,"column":30}},"loc":{"start":{"line":33,"column":53},"end":{"line":47,"column":null}},"line":33},"3":{"name":"(anonymous_3)","decl":{"start":{"line":53,"column":50},"end":{"line":53,"column":58}},"loc":{"start":{"line":53,"column":58},"end":{"line":64,"column":3}},"line":53},"4":{"name":"(anonymous_4)","decl":{"start":{"line":76,"column":32},"end":{"line":76,"column":33}},"loc":{"start":{"line":77,"column":10},"end":{"line":96,"column":null}},"line":77},"5":{"name":"(anonymous_5)","decl":{"start":{"line":103,"column":17},"end":{"line":103,"column":23}},"loc":{"start":{"line":103,"column":23},"end":{"line":103,"column":null}},"line":103},"6":{"name":"(anonymous_6)","decl":{"start":{"line":151,"column":26},"end":{"line":151,"column":27}},"loc":{"start":{"line":151,"column":33},"end":{"line":151,"column":null}},"line":151},"7":{"name":"(anonymous_7)","decl":{"start":{"line":232,"column":36},"end":{"line":232,"column":37}},"loc":{"start":{"line":232,"column":46},"end":{"line":274,"column":19}},"line":232},"8":{"name":"(anonymous_8)","decl":{"start":{"line":258,"column":37},"end":{"line":258,"column":43}},"loc":{"start":{"line":258,"column":43},"end":{"line":258,"column":null}},"line":258}},"branchMap":{"0":{"loc":{"start":{"line":35,"column":4},"end":{"line":35,"column":null}},"type":"if","locations":[{"start":{"line":35,"column":4},"end":{"line":35,"column":null}},{"start":{},"end":{}}],"line":35},"1":{"loc":{"start":{"line":38,"column":23},"end":{"line":38,"column":null}},"type":"binary-expr","locations":[{"start":{"line":38,"column":23},"end":{"line":38,"column":38}},{"start":{"line":38,"column":38},"end":{"line":38,"column":null}}],"line":38},"2":{"loc":{"start":{"line":55,"column":4},"end":{"line":62,"column":null}},"type":"if","locations":[{"start":{"line":55,"column":4},"end":{"line":62,"column":null}},{"start":{},"end":{}}],"line":55},"3":{"loc":{"start":{"line":94,"column":21},"end":{"line":94,"column":null}},"type":"binary-expr","locations":[{"start":{"line":94,"column":21},"end":{"line":94,"column":35}},{"start":{"line":94,"column":35},"end":{"line":94,"column":null}}],"line":94},"4":{"loc":{"start":{"line":120,"column":9},"end":{"line":120,"column":null}},"type":"cond-expr","locations":[{"start":{"line":120,"column":23},"end":{"line":120,"column":35}},{"start":{"line":120,"column":35},"end":{"line":120,"column":null}}],"line":120},"5":{"loc":{"start":{"line":124,"column":7},"end":{"line":279,"column":null}},"type":"binary-expr","locations":[{"start":{"line":124,"column":7},"end":{"line":124,"column":null}},{"start":{"line":125,"column":8},"end":{"line":279,"column":null}}],"line":124},"6":{"loc":{"start":{"line":165,"column":26},"end":{"line":165,"column":null}},"type":"binary-expr","locations":[{"start":{"line":165,"column":26},"end":{"line":165,"column":39}},{"start":{"line":165,"column":39},"end":{"line":165,"column":null}}],"line":165},"7":{"loc":{"start":{"line":167,"column":35},"end":{"line":167,"column":null}},"type":"cond-expr","locations":[{"start":{"line":167,"column":62},"end":{"line":167,"column":74}},{"start":{"line":167,"column":74},"end":{"line":167,"column":null}}],"line":167},"8":{"loc":{"start":{"line":167,"column":35},"end":{"line":167,"column":62}},"type":"binary-expr","locations":[{"start":{"line":167,"column":35},"end":{"line":167,"column":48}},{"start":{"line":167,"column":48},"end":{"line":167,"column":62}}],"line":167},"9":{"loc":{"start":{"line":174,"column":26},"end":{"line":174,"column":null}},"type":"cond-expr","locations":[{"start":{"line":174,"column":53},"end":{"line":174,"column":69}},{"start":{"line":174,"column":69},"end":{"line":174,"column":null}}],"line":174},"10":{"loc":{"start":{"line":174,"column":26},"end":{"line":174,"column":53}},"type":"binary-expr","locations":[{"start":{"line":174,"column":26},"end":{"line":174,"column":39}},{"start":{"line":174,"column":39},"end":{"line":174,"column":53}}],"line":174},"11":{"loc":{"start":{"line":177,"column":17},"end":{"line":177,"column":null}},"type":"cond-expr","locations":[{"start":{"line":177,"column":29},"end":{"line":177,"column":44}},{"start":{"line":177,"column":44},"end":{"line":177,"column":null}}],"line":177},"12":{"loc":{"start":{"line":182,"column":11},"end":{"line":193,"column":null}},"type":"binary-expr","locations":[{"start":{"line":182,"column":11},"end":{"line":182,"column":null}},{"start":{"line":183,"column":12},"end":{"line":193,"column":null}}],"line":182},"13":{"loc":{"start":{"line":196,"column":11},"end":{"line":215,"column":null}},"type":"binary-expr","locations":[{"start":{"line":196,"column":11},"end":{"line":196,"column":null}},{"start":{"line":197,"column":12},"end":{"line":215,"column":null}}],"line":196},"14":{"loc":{"start":{"line":218,"column":11},"end":{"line":277,"column":null}},"type":"binary-expr","locations":[{"start":{"line":218,"column":11},"end":{"line":218,"column":null}},{"start":{"line":219,"column":12},"end":{"line":277,"column":null}}],"line":218},"15":{"loc":{"start":{"line":224,"column":15},"end":{"line":275,"column":null}},"type":"cond-expr","locations":[{"start":{"line":225,"column":16},"end":{"line":229,"column":null}},{"start":{"line":231,"column":16},"end":{"line":275,"column":null}}],"line":224},"16":{"loc":{"start":{"line":241,"column":47},"end":{"line":241,"column":80}},"type":"cond-expr","locations":[{"start":{"line":241,"column":59},"end":{"line":241,"column":71}},{"start":{"line":241,"column":71},"end":{"line":241,"column":80}}],"line":241},"17":{"loc":{"start":{"line":242,"column":35},"end":{"line":242,"column":null}},"type":"cond-expr","locations":[{"start":{"line":242,"column":47},"end":{"line":242,"column":51}},{"start":{"line":242,"column":51},"end":{"line":242,"column":null}}],"line":242},"18":{"loc":{"start":{"line":248,"column":31},"end":{"line":248,"column":null}},"type":"binary-expr","locations":[{"start":{"line":248,"column":31},"end":{"line":248,"column":45}},{"start":{"line":248,"column":45},"end":{"line":248,"column":null}}],"line":248},"19":{"loc":{"start":{"line":249,"column":31},"end":{"line":252,"column":null}},"type":"binary-expr","locations":[{"start":{"line":249,"column":31},"end":{"line":249,"column":null}},{"start":{"line":250,"column":32},"end":{"line":252,"column":null}}],"line":249}},"s":{"0":0,"1":0,"2":0,"3":0,"4":0,"5":0,"6":0,"7":0,"8":0,"9":0,"10":0,"11":0,"12":0,"13":0,"14":0,"15":0,"16":0,"17":0,"18":0,"19":0,"20":0,"21":0,"22":0,"23":0,"24":0,"25":0,"26":0,"27":0,"28":0,"29":0,"30":0,"31":0,"32":0},"f":{"0":0,"1":0,"2":0,"3":0,"4":0,"5":0,"6":0,"7":0,"8":0},"b":{"0":[0,0],"1":[0,0],"2":[0,0],"3":[0,0],"4":[0,0],"5":[0,0],"6":[0,0],"7":[0,0],"8":[0,0],"9":[0,0],"10":[0,0],"11":[0,0],"12":[0,0],"13":[0,0],"14":[0,0],"15":[0,0],"16":[0,0],"17":[0,0],"18":[0,0],"19":[0,0]},"meta":{"lastBranch":20,"lastFunction":9,"lastStatement":33,"seen":{"s:9:27:13:Infinity":0,"f:15:24:15:33":0,"s:16:36:16:Infinity":1,"s:17:20:17:Infinity":2,"s:19:27:19:Infinity":3,"s:26:2:26:Infinity":4,"s:28:2:31:Infinity":5,"f:28:12:28:18":1,"s:29:4:29:Infinity":6,"s:30:4:30:Infinity":7,"s:33:23:47:Infinity":8,"f:33:23:33:30":2,"s:34:4:34:Infinity":9,"b:35:4:35:Infinity:undefined:undefined:undefined:undefined":0,"s:35:4:35:Infinity":10,"s:35:21:35:Infinity":11,"s:37:4:46:Infinity":12,"s:38:23:38:Infinity":13,"b:38:23:38:38:38:38:38:Infinity":1,"s:39:18:39:Infinity":14,"s:40:18:40:Infinity":15,"s:42:6:42:Infinity":16,"s:43:6:43:Infinity":17,"s:45:6:45:Infinity":18,"s:49:20:49:Infinity":19,"s:50:23:50:Infinity":20,"s:53:29:64:Infinity":21,"f:53:50:53:58":3,"s:54:10:54:Infinity":22,"b:55:4:62:Infinity:undefined:undefined:undefined:undefined":2,"s:55:4:62:Infinity":23,"s:56:6:61:Infinity":24,"s:63:4:63:Infinity":25,"s:67:2:281:Infinity":26,"f:76:32:76:33":4,"s:77:10:96:Infinity":27,"b:94:21:94:35:94:35:94:Infinity":3,"f:103:17:103:23":5,"s:103:23:103:Infinity":28,"b:120:23:120:35:120:35:120:Infinity":4,"b:124:7:124:Infinity:125:8:279:Infinity":5,"f:151:26:151:27":6,"s:151:33:151:Infinity":29,"b:165:26:165:39:165:39:165:Infinity":6,"b:167:62:167:74:167:74:167:Infinity":7,"b:167:35:167:48:167:48:167:62":8,"b:174:53:174:69:174:69:174:Infinity":9,"b:174:26:174:39:174:39:174:53":10,"b:177:29:177:44:177:44:177:Infinity":11,"b:182:11:182:Infinity:183:12:193:Infinity":12,"b:196:11:196:Infinity:197:12:215:Infinity":13,"b:218:11:218:Infinity:219:12:277:Infinity":14,"b:225:16:229:Infinity:231:16:275:Infinity":15,"f:232:36:232:37":7,"s:233:26:233:Infinity":30,"s:234:20:272:Infinity":31,"b:241:59:241:71:241:71:241:80":16,"b:242:47:242:51:242:51:242:Infinity":17,"b:248:31:248:45:248:45:248:Infinity":18,"b:249:31:249:Infinity:250:32:252:Infinity":19,"f:258:37:258:43":8,"s:258:43:258:Infinity":32}}}
,"/Users/addehd/dev/hem/app/app/(tabs)/profile.tsx": {"path":"/Users/addehd/dev/hem/app/app/(tabs)/profile.tsx","statementMap":{"0":{"start":{"line":8,"column":30},"end":{"line":8,"column":null}},"1":{"start":{"line":9,"column":36},"end":{"line":9,"column":null}},"2":{"start":{"line":10,"column":8},"end":{"line":10,"column":null}},"3":{"start":{"line":19,"column":2},"end":{"line":19,"column":null}},"4":{"start":{"line":21,"column":2},"end":{"line":23,"column":null}},"5":{"start":{"line":22,"column":4},"end":{"line":22,"column":null}},"6":{"start":{"line":25,"column":2},"end":{"line":29,"column":null}},"7":{"start":{"line":26,"column":4},"end":{"line":28,"column":null}},"8":{"start":{"line":27,"column":6},"end":{"line":27,"column":null}},"9":{"start":{"line":31,"column":2},"end":{"line":35,"column":null}},"10":{"start":{"line":32,"column":4},"end":{"line":34,"column":null}},"11":{"start":{"line":33,"column":6},"end":{"line":33,"column":null}},"12":{"start":{"line":37,"column":30},"end":{"line":44,"column":null}},"13":{"start":{"line":38,"column":4},"end":{"line":38,"column":null}},"14":{"start":{"line":38,"column":22},"end":{"line":38,"column":null}},"15":{"start":{"line":39,"column":4},"end":{"line":43,"column":null}},"16":{"start":{"line":40,"column":6},"end":{"line":40,"column":null}},"17":{"start":{"line":42,"column":6},"end":{"line":42,"column":null}},"18":{"start":{"line":46,"column":24},"end":{"line":53,"column":null}},"19":{"start":{"line":47,"column":4},"end":{"line":52,"column":null}},"20":{"start":{"line":48,"column":6},"end":{"line":48,"column":null}},"21":{"start":{"line":49,"column":6},"end":{"line":49,"column":null}},"22":{"start":{"line":51,"column":6},"end":{"line":51,"column":null}},"23":{"start":{"line":55,"column":2},"end":{"line":61,"column":null}},"24":{"start":{"line":56,"column":4},"end":{"line":59,"column":null}},"25":{"start":{"line":63,"column":2},"end":{"line":65,"column":null}},"26":{"start":{"line":64,"column":4},"end":{"line":64,"column":null}},"27":{"start":{"line":67,"column":2},"end":{"line":129,"column":null}},"28":{"start":{"line":68,"column":4},"end":{"line":127,"column":null}},"29":{"start":{"line":86,"column":35},"end":{"line":86,"column":null}},"30":{"start":{"line":109,"column":33},"end":{"line":109,"column":null}},"31":{"start":{"line":131,"column":2},"end":{"line":188,"column":null}}},"fnMap":{"0":{"name":"ProfileTab","decl":{"start":{"line":7,"column":24},"end":{"line":7,"column":37}},"loc":{"start":{"line":7,"column":37},"end":{"line":190,"column":null}},"line":7},"1":{"name":"(anonymous_1)","decl":{"start":{"line":21,"column":12},"end":{"line":21,"column":18}},"loc":{"start":{"line":21,"column":18},"end":{"line":23,"column":5}},"line":21},"2":{"name":"(anonymous_2)","decl":{"start":{"line":25,"column":12},"end":{"line":25,"column":18}},"loc":{"start":{"line":25,"column":18},"end":{"line":29,"column":5}},"line":25},"3":{"name":"(anonymous_3)","decl":{"start":{"line":31,"column":12},"end":{"line":31,"column":18}},"loc":{"start":{"line":31,"column":18},"end":{"line":35,"column":5}},"line":31},"4":{"name":"(anonymous_4)","decl":{"start":{"line":37,"column":30},"end":{"line":37,"column":42}},"loc":{"start":{"line":37,"column":42},"end":{"line":44,"column":null}},"line":37},"5":{"name":"(anonymous_5)","decl":{"start":{"line":46,"column":24},"end":{"line":46,"column":36}},"loc":{"start":{"line":46,"column":36},"end":{"line":53,"column":null}},"line":46},"6":{"name":"(anonymous_6)","decl":{"start":{"line":86,"column":28},"end":{"line":86,"column":29}},"loc":{"start":{"line":86,"column":35},"end":{"line":86,"column":null}},"line":86},"7":{"name":"(anonymous_7)","decl":{"start":{"line":109,"column":26},"end":{"line":109,"column":27}},"loc":{"start":{"line":109,"column":33},"end":{"line":109,"column":null}},"line":109}},"branchMap":{"0":{"loc":{"start":{"line":26,"column":4},"end":{"line":28,"column":null}},"type":"if","locations":[{"start":{"line":26,"column":4},"end":{"line":28,"column":null}},{"start":{},"end":{}}],"line":26},"1":{"loc":{"start":{"line":32,"column":4},"end":{"line":34,"column":null}},"type":"if","locations":[{"start":{"line":32,"column":4},"end":{"line":34,"column":null}},{"start":{},"end":{}}],"line":32},"2":{"loc":{"start":{"line":33,"column":18},"end":{"line":33,"column":45}},"type":"binary-expr","locations":[{"start":{"line":33,"column":18},"end":{"line":33,"column":43}},{"start":{"line":33,"column":43},"end":{"line":33,"column":45}}],"line":33},"3":{"loc":{"start":{"line":38,"column":4},"end":{"line":38,"column":null}},"type":"if","locations":[{"start":{"line":38,"column":4},"end":{"line":38,"column":null}},{"start":{},"end":{}}],"line":38},"4":{"loc":{"start":{"line":55,"column":2},"end":{"line":61,"column":null}},"type":"if","locations":[{"start":{"line":55,"column":2},"end":{"line":61,"column":null}},{"start":{},"end":{}}],"line":55},"5":{"loc":{"start":{"line":63,"column":2},"end":{"line":65,"column":null}},"type":"if","locations":[{"start":{"line":63,"column":2},"end":{"line":65,"column":null}},{"start":{},"end":{}}],"line":63},"6":{"loc":{"start":{"line":67,"column":2},"end":{"line":129,"column":null}},"type":"if","locations":[{"start":{"line":67,"column":2},"end":{"line":129,"column":null}},{"start":{},"end":{}}],"line":67}},"s":{"0":0,"1":0,"2":0,"3":0,"4":0,"5":0,"6":0,"7":0,"8":0,"9":0,"10":0,"11":0,"12":0,"13":0,"14":0,"15":0,"16":0,"17":0,"18":0,"19":0,"20":0,"21":0,"22":0,"23":0,"24":0,"25":0,"26":0,"27":0,"28":0,"29":0,"30":0,"31":0},"f":{"0":0,"1":0,"2":0,"3":0,"4":0,"5":0,"6":0,"7":0},"b":{"0":[0,0],"1":[0,0],"2":[0,0],"3":[0,0],"4":[0,0],"5":[0,0],"6":[0,0]},"meta":{"lastBranch":7,"lastFunction":8,"lastStatement":32,"seen":{"f:7:24:7:37":0,"s:8:30:8:Infinity":0,"s:9:36:9:Infinity":1,"s:10:8:10:Infinity":2,"s:19:2:19:Infinity":3,"s:21:2:23:Infinity":4,"f:21:12:21:18":1,"s:22:4:22:Infinity":5,"s:25:2:29:Infinity":6,"f:25:12:25:18":2,"b:26:4:28:Infinity:undefined:undefined:undefined:undefined":0,"s:26:4:28:Infinity":7,"s:27:6:27:Infinity":8,"s:31:2:35:Infinity":9,"f:31:12:31:18":3,"b:32:4:34:Infinity:undefined:undefined:undefined:undefined":1,"s:32:4:34:Infinity":10,"s:33:6:33:Infinity":11,"b:33:18:33:43:33:43:33:45":2,"s:37:30:44:Infinity":12,"f:37:30:37:42":4,"b:38:4:38:Infinity:undefined:undefined:undefined:undefined":3,"s:38:4:38:Infinity":13,"s:38:22:38:Infinity":14,"s:39:4:43:Infinity":15,"s:40:6:40:Infinity":16,"s:42:6:42:Infinity":17,"s:46:24:53:Infinity":18,"f:46:24:46:36":5,"s:47:4:52:Infinity":19,"s:48:6:48:Infinity":20,"s:49:6:49:Infinity":21,"s:51:6:51:Infinity":22,"b:55:2:61:Infinity:undefined:undefined:undefined:undefined":4,"s:55:2:61:Infinity":23,"s:56:4:59:Infinity":24,"b:63:2:65:Infinity:undefined:undefined:undefined:undefined":5,"s:63:2:65:Infinity":25,"s:64:4:64:Infinity":26,"b:67:2:129:Infinity:undefined:undefined:undefined:undefined":6,"s:67:2:129:Infinity":27,"s:68:4:127:Infinity":28,"f:86:28:86:29":6,"s:86:35:86:Infinity":29,"f:109:26:109:27":7,"s:109:33:109:Infinity":30,"s:131:2:188:Infinity":31}}}
,"/Users/addehd/dev/hem/app/app/(tabs)/home/_layout.tsx": {"path":"/Users/addehd/dev/hem/app/app/(tabs)/home/_layout.tsx","statementMap":{"0":{"start":{"line":4,"column":2},"end":{"line":14,"column":null}}},"fnMap":{"0":{"name":"HomeLayout","decl":{"start":{"line":3,"column":24},"end":{"line":3,"column":37}},"loc":{"start":{"line":3,"column":37},"end":{"line":16,"column":null}},"line":3}},"branchMap":{},"s":{"0":0},"f":{"0":0},"b":{},"meta":{"lastBranch":0,"lastFunction":1,"lastStatement":1,"seen":{"f:3:24:3:37":0,"s:4:2:14:Infinity":0}}}
,"/Users/addehd/dev/hem/app/app/(tabs)/home/index.tsx": {"path":"/Users/addehd/dev/hem/app/app/(tabs)/home/index.tsx","statementMap":{"0":{"start":{"line":6,"column":2},"end":{"line":44,"column":null}},"1":{"start":{"line":7,"column":4},"end":{"line":42,"column":null}},"2":{"start":{"line":46,"column":2},"end":{"line":79,"column":null}}},"fnMap":{"0":{"name":"HomeScreen","decl":{"start":{"line":5,"column":24},"end":{"line":5,"column":37}},"loc":{"start":{"line":5,"column":37},"end":{"line":81,"column":null}},"line":5}},"branchMap":{"0":{"loc":{"start":{"line":6,"column":2},"end":{"line":44,"column":null}},"type":"if","locations":[{"start":{"line":6,"column":2},"end":{"line":44,"column":null}},{"start":{},"end":{}}],"line":6}},"s":{"0":0,"1":0,"2":0},"f":{"0":0},"b":{"0":[0,0]},"meta":{"lastBranch":1,"lastFunction":1,"lastStatement":3,"seen":{"f:5:24:5:37":0,"b:6:2:44:Infinity:undefined:undefined:undefined:undefined":0,"s:6:2:44:Infinity":0,"s:7:4:42:Infinity":1,"s:46:2:79:Infinity":2}}}
[...]
"76":0,"77":0,"78":0,"79":0,"80":0,"81":0,"82":0,"83":0,"84":0,"85":0,"86":0,"87":0,"88":0,"89":0,"90":0,"91":0,"92":0,"93":0,"94":0,"95":0,"96":0,"97":0,"98":0,"99":0,"100":0,"101":0,"102":0,"103":0,"104":0,"105":0,"106":0},"f":{"0":0,"1":0,"2":0,"3":0,"4":0,"5":0,"6":0,"7":0,"8":0,"9":0,"10":0,"11":0,"12":0,"13":0,"14":0,"15":0,"16":0,"17":0,"18":0},"b":{"0":[0,0],"1":[0,0],"2":[0,0],"3":[0,0],"4":[0,0],"5":[0,0],"6":[0,0],"7":[0,0],"8":[0,0],"9":[0,0],"10":[0,0],"11":[0,0],"12":[0,0],"13":[0,0],"14":[0,0],"15":[0,0],"16":[0,0],"17":[0,0],"18":[0,0],"19":[0,0],"20":[0,0],"21":[0,0],"22":[0,0],"23":[0,0],"24":[0,0],"25":[0,0],"26":[0,0],"27":[0,0],"28":[0,0],"29":[0,0]},"meta":{"lastBranch":30,"lastFunction":19,"lastStatement":107,"seen":{"s:76:26:80:Infinity":0,"f:76:26:76:27":0,"b:77:2:79:Infinity:undefined:undefined:undefined:undefined":0,"s:77:2:79:Infinity":1,"b:77:6:77:39:77:39:77:83":1,"s:78:4:78:Infinity":2,"s:82:26:88:Infinity":3,"f:82:26:82:48":1,"b:83:2:86:Infinity:undefined:undefined:undefined:undefined":2,"s:83:2:86:Infinity":4,"b:83:6:83:39:83:39:83:83":3,"s:84:17:84:Infinity":5,"s:85:4:85:Infinity":6,"b:85:18:85:37:85:37:85:Infinity":4,"s:87:2:87:Infinity":7,"s:90:13:450:Infinity":8,"f:90:62:90:63":2,"s:90:77:450:2":9,"f:100:21:100:28":3,"s:101:4:204:Infinity":10,"s:104:6:108:Infinity":11,"s:105:8:105:Infinity":12,"s:107:8:107:Infinity":13,"b:111:6:121:Infinity:undefined:undefined:undefined:undefined":5,"s:111:6:121:Infinity":14,"s:112:8:112:Infinity":15,"s:113:8:120:Infinity":16,"s:124:6:124:Infinity":17,"s:125:25:125:Infinity":18,"b:127:6:137:Infinity:undefined:undefined:undefined:undefined":6,"s:127:6:137:Infinity":19,"s:128:8:128:Infinity":20,"s:129:8:136:Infinity":21,"s:140:45:152:Infinity":22,"b:143:18:143:41:143:41:143:Infinity":7,"s:155:31:155:Infinity":23,"b:156:6:158:Infinity:undefined:undefined:undefined:undefined":8,"s:156:6:158:Infinity":24,"s:157:8:157:Infinity":25,"b:159:6:161:Infinity:undefined:undefined:undefined:undefined":9,"s:159:6:161:Infinity":26,"s:160:8:160:Infinity":27,"f:160:50:160:57":4,"s:160:57:160:85":28,"b:160:57:160:64:160:64:160:85":10,"s:163:6:167:Infinity":29,"s:172:6:172:Infinity":30,"s:174:6:180:Infinity":31,"b:175:15:175:35:175:35:175:Infinity":11,"b:176:21:176:47:176:47:176:Infinity":12,"b:177:15:177:35:177:35:177:Infinity":13,"b:178:36:178:45:178:45:178:Infinity":14,"b:179:61:179:76:179:76:179:Infinity":15,"s:183:6:183:Infinity":32,"s:184:6:203:Infinity":33,"s:185:23:185:Infinity":34,"s:186:8:193:Infinity":35,"s:195:8:202:Infinity":36,"f:207:19:207:26":5,"s:208:4:208:Infinity":37,"s:210:4:265:Infinity":38,"s:211:27:211:Infinity":39,"s:213:36:225:Infinity":40,"s:228:27:228:Infinity":41,"s:229:6:232:Infinity":42,"s:233:6:233:Infinity":43,"s:236:6:259:Infinity":44,"s:237:35:250:Infinity":45,"b:252:8:255:Infinity:undefined:undefined:undefined:undefined":16,"s:252:8:255:Infinity":46,"s:253:10:253:Infinity":47,"s:257:8:257:Infinity":48,"s:261:6:261:Infinity":49,"s:263:6:263:Infinity":50,"s:264:6:264:Infinity":51,"f:268:20:268:27":6,"s:269:34:280:Infinity":52,"b:270:10:270:25:270:25:270:Infinity":17,"b:276:16:276:37:276:25:276:Infinity":18,"s:283:25:283:Infinity":53,"s:284:4:284:Infinity":54,"s:285:4:285:Infinity":55,"s:288:4:309:Infinity":56,"s:289:33:302:Infinity":57,"b:304:6:306:Infinity:undefined:undefined:undefined:undefined":19,"s:304:6:306:Infinity":58,"s:305:8:305:Infinity":59,"s:308:6:308:Infinity":60,"s:311:4:311:Infinity":61,"f:314:22:314:29":7,"s:316:25:316:Infinity":62,"f:316:52:316:53":8,"s:316:62:316:80":63,"s:317:4:317:Infinity":64,"s:318:4:318:Infinity":65,"s:321:4:329:Infinity":66,"s:322:6:325:Infinity":67,"s:327:6:327:Infinity":68,"f:332:20:332:32":9,"s:333:4:370:Infinity":69,"s:334:30:337:Infinity":70,"b:339:6:342:Infinity:undefined:undefined:undefined:undefined":20,"s:339:6:342:Infinity":71,"s:340:8:340:Infinity":72,"s:341:8:341:Infinity":73,"b:344:6:367:Infinity:undefined:undefined:undefined:undefined":21,"s:344:6:367:Infinity":74,"s:346:38:357:Infinity":75,"f:346:47:346:48":10,"s:346:63:357:10":76,"s:360:27:360:Infinity":77,"s:361:25:361:Infinity":78,"f:361:48:361:53":11,"s:361:53:361:57":79,"s:362:28:362:Infinity":80,"f:362:41:362:46":12,"s:362:46:362:65":81,"s:363:28:363:Infinity":82,"s:365:8:365:Infinity":83,"s:366:8:366:Infinity":84,"s:369:6:369:Infinity":85,"f:377:32:377:38":13,"s:378:4:378:Infinity":86,"s:380:20:396:Infinity":87,"f:389:8:389:9":14,"s:390:10:390:Infinity":88,"s:391:10:391:Infinity":89,"f:394:17:394:18":15,"s:395:8:395:Infinity":90,"s:399:4:402:Infinity":91,"f:399:11:399:17":16,"s:400:6:400:Infinity":92,"s:401:6:401:Infinity":93,"f:408:30:408:31":17,"s:409:25:409:Infinity":94,"s:412:18:412:Infinity":95,"f:412:41:412:49":18,"s:412:49:412:79":96,"b:414:4:417:Infinity:undefined:undefined:undefined:undefined":22,"s:414:4:417:Infinity":97,"s:415:6:415:Infinity":98,"s:416:6:416:Infinity":99,"s:419:4:419:Infinity":100,"s:422:39:432:Infinity":101,"b:424:13:424:38:424:38:424:Infinity":23,"b:425:19:425:50:425:50:425:Infinity":24,"b:426:13:426:38:426:38:426:Infinity":25,"b:427:16:427:44:427:44:427:Infinity":26,"b:428:17:428:46:428:46:428:Infinity":27,"b:430:10:430:Infinity:431:10:431:Infinity":28,"s:435:25:439:Infinity":102,"s:442:4:442:Infinity":103,"s:443:4:443:Infinity":104,"b:446:4:448:Infinity:undefined:undefined:undefined:undefined":29,"s:446:4:448:Infinity":105,"s:447:6:447:Infinity":106}}}
,"/Users/addehd/dev/hem/app/lib/store/themeStore.ts": {"path":"/Users/addehd/dev/hem/app/lib/store/themeStore.ts","statementMap":{"0":{"start":{"line":15,"column":19},"end":{"line":38,"column":null}},"1":{"start":{"line":17,"column":4},"end":{"line":22,"column":null}},"2":{"start":{"line":18,"column":6},"end":{"line":18,"column":null}},"3":{"start":{"line":20,"column":6},"end":{"line":20,"column":null}},"4":{"start":{"line":21,"column":6},"end":{"line":21,"column":null}},"5":{"start":{"line":25,"column":4},"end":{"line":29,"column":null}},"6":{"start":{"line":26,"column":6},"end":{"line":26,"column":null}},"7":{"start":{"line":28,"column":6},"end":{"line":28,"column":null}},"8":{"start":{"line":32,"column":4},"end":{"line":36,"column":null}},"9":{"start":{"line":33,"column":6},"end":{"line":33,"column":null}},"10":{"start":{"line":35,"column":6},"end":{"line":35,"column":null}},"11":{"start":{"line":40,"column":14},"end":{"line":40,"column":null}},"12":{"start":{"line":42,"column":13},"end":{"line":75,"column":null}},"13":{"start":{"line":44,"column":14},"end":{"line":68,"column":null}},"14":{"start":{"line":48,"column":8},"end":{"line":48,"column":null}},"15":{"start":{"line":50,"column":8},"end":{"line":65,"column":null}},"16":{"start":{"line":51,"column":10},"end":{"line":64,"column":null}},"17":{"start":{"line":52,"column":25},"end":{"line":52,"column":null}},"18":{"start":{"line":53,"column":27},"end":{"line":54,"column":null}},"19":{"start":{"line":56,"column":12},"end":{"line":60,"column":null}},"20":{"start":{"line":57,"column":14},"end":{"line":57,"column":null}},"21":{"start":{"line":59,"column":14},"end":{"line":59,"column":null}},"22":{"start":{"line":61,"column":12},"end":{"line":61,"column":null}},"23":{"start":{"line":63,"column":12},"end":{"line":63,"column":null}},"24":{"start":{"line":67,"column":29},"end":{"line":67,"column":null}},"25":{"start":{"line":72,"column":30},"end":{"line":72,"column":null}},"26":{"start":{"line":78,"column":0},"end":{"line":90,"column":null}},"27":{"start":{"line":79,"column":2},"end":{"line":89,"column":null}},"28":{"start":{"line":80,"column":23},"end":{"line":80,"column":null}},"29":{"start":{"line":81,"column":4},"end":{"line":86,"column":null}},"30":{"start":{"line":82,"column":20},"end":{"line":82,"column":null}},"31":{"start":{"line":83,"column":6},"end":{"line":85,"column":null}},"32":{"start":{"line":84,"column":8},"end":{"line":84,"column":null}},"33":{"start":{"line":88,"column":4},"end":{"line":88,"column":null}}},"fnMap":{"0":{"name":"(anonymous_0)","decl":{"start":{"line":16,"column":11},"end":{"line":16,"column":18}},"loc":{"start":{"line":16,"column":35},"end":{"line":23,"column":null}},"line":16},"1":{"name":"(anonymous_1)","decl":{"start":{"line":24,"column":11},"end":{"line":24,"column":18}},"loc":{"start":{"line":24,"column":50},"end":{"line":30,"column":null}},"line":24},"2":{"name":"(anonymous_2)","decl":{"start":{"line":31,"column":14},"end":{"line":31,"column":21}},"loc":{"start":{"line":31,"column":38},"end":{"line":37,"column":null}},"line":31},"3":{"name":"(anonymous_3)","decl":{"start":{"line":44,"column":4},"end":{"line":44,"column":5}},"loc":{"start":{"line":44,"column":14},"end":{"line":68,"column":null}},"line":44},"4":{"name":"(anonymous_4)","decl":{"start":{"line":47,"column":15},"end":{"line":47,"column":16}},"loc":{"start":{"line":47,"column":25},"end":{"line":66,"column":null}},"line":47},"5":{"name":"(anonymous_5)","decl":{"start":{"line":67,"column":17},"end":{"line":67,"column":18}},"loc":{"start":{"line":67,"column":29},"end":{"line":67,"column":null}},"line":67},"6":{"name":"(anonymous_6)","decl":{"start":{"line":72,"column":18},"end":{"line":72,"column":19}},"loc":{"start":{"line":72,"column":30},"end":{"line":72,"column":null}},"line":72},"7":{"name":"(anonymous_7)","decl":{"start":{"line":81,"column":42},"end":{"line":81,"column":48}},"loc":{"start":{"line":81,"column":48},"end":{"line":86,"column":5}},"line":81}},"branchMap":{"0":{"loc":{"start":{"line":50,"column":8},"end":{"line":65,"column":null}},"type":"if","locations":[{"start":{"line":50,"column":8},"end":{"line":65,"column":null}},{"start":{},"end":{}}],"line":50},"1":{"loc":{"start":{"line":50,"column":12},"end":{"line":50,"column":54}},"type":"binary-expr","locations":[{"start":{"line":50,"column":12},"end":{"line":50,"column":21}},{"start":{"line":50,"column":21},"end":{"line":50,"column":54}}],"line":50},"2":{"loc":{"start":{"line":53,"column":27},"end":{"line":54,"column":null}},"type":"binary-expr","locations":[{"start":{"line":53,"column":27},"end":{"line":53,"column":null}},{"start":{"line":54,"column":15},"end":{"line":54,"column":36}},{"start":{"line":54,"column":36},"end":{"line":54,"column":null}}],"line":53},"3":{"loc":{"start":{"line":56,"column":12},"end":{"line":60,"column":null}},"type":"if","locations":[{"start":{"line":56,"column":12},"end":{"line":60,"column":null}},{"start":{"line":58,"column":19},"end":{"line":60,"column":null}}],"line":56},"4":{"loc":{"start":{"line":71,"column":15},"end":{"line":71,"column":null}},"type":"cond-expr","locations":[{"start":{"line":71,"column":23},"end":{"line":71,"column":36}},{"start":{"line":71,"column":36},"end":{"line":71,"column":null}}],"line":71},"5":{"loc":{"start":{"line":78,"column":0},"end":{"line":90,"column":null}},"type":"if","locations":[{"start":{"line":78,"column":0},"end":{"line":90,"column":null}},{"start":{},"end":{}}],"line":78},"6":{"loc":{"start":{"line":78,"column":4},"end":{"line":78,"column":44}},"type":"binary-expr","locations":[{"start":{"line":78,"column":4},"end":{"line":78,"column":13}},{"start":{"line":78,"column":13},"end":{"line":78,"column":44}}],"line":78},"7":{"loc":{"start":{"line":83,"column":6},"end":{"line":85,"column":null}},"type":"if","locations":[{"start":{"line":83,"column":6},"end":{"line":85,"column":null}},{"start":{},"end":{}}],"line":83}},"s":{"0":0,"1":0,"2":0,"3":0,"4":0,"5":0,"6":0,"7":0,"8":0,"9":0,"10":0,"11":0,"12":0,"13":0,"14":0,"15":0,"16":0,"17":0,"18":0,"19":0,"20":0,"21":0,"22":0,"23":0,"24":0,"25":0,"26":0,"27":0,"28":0,"29":0,"30":0,"31":0,"32":0,"33":0},"f":{"0":0,"1":0,"2":0,"3":0,"4":0,"5":0,"6":0,"7":0},"b":{"0":[0,0],"1":[0,0],"2":[0,0,0],"3":[0,0],"4":[0,0],"5":[0,0],"6":[0,0],"7":[0,0]},"meta":{"lastBranch":8,"lastFunction":8,"lastStatement":34,"seen":{"s:15:19:38:Infinity":0,"f:16:11:16:18":0,"s:17:4:22:Infinity":1,"s:18:6:18:Infinity":2,"s:20:6:20:Infinity":3,"s:21:6:21:Infinity":4,"f:24:11:24:18":1,"s:25:4:29:Infinity":5,"s:26:6:26:Infinity":6,"s:28:6:28:Infinity":7,"f:31:14:31:21":2,"s:32:4:36:Infinity":8,"s:33:6:33:Infinity":9,"s:35:6:35:Infinity":10,"s:40:14:40:Infinity":11,"s:42:13:75:Infinity":12,"f:44:4:44:5":3,"s:44:14:68:Infinity":13,"f:47:15:47:16":4,"s:48:8:48:Infinity":14,"b:50:8:65:Infinity:undefined:undefined:undefined:undefined":0,"s:50:8:65:Infinity":15,"b:50:12:50:21:50:21:50:54":1,"s:51:10:64:Infinity":16,"s:52:25:52:Infinity":17,"s:53:27:54:Infinity":18,"b:53:27:53:Infinity:54:15:54:36:54:36:54:Infinity":2,"b:56:12:60:Infinity:58:19:60:Infinity":3,"s:56:12:60:Infinity":19,"s:57:14:57:Infinity":20,"s:59:14:59:Infinity":21,"s:61:12:61:Infinity":22,"s:63:12:63:Infinity":23,"f:67:17:67:18":5,"s:67:29:67:Infinity":24,"b:71:23:71:36:71:36:71:Infinity":4,"f:72:18:72:19":6,"s:72:30:72:Infinity":25,"b:78:0:90:Infinity:undefined:undefined:undefined:undefined":5,"s:78:0:90:Infinity":26,"b:78:4:78:13:78:13:78:44":6,"s:79:2:89:Infinity":27,"s:80:23:80:Infinity":28,"s:81:4:86:Infinity":29,"f:81:42:81:48":7,"s:82:20:82:Infinity":30,"b:83:6:85:Infinity:undefined:undefined:undefined:undefined":7,"s:83:6:85:Infinity":31,"s:84:8:84:Infinity":32,"s:88:4:88:Infinity":33}}}
,"/Users/addehd/dev/hem/app/lib/types/database.types.ts": {"path":"/Users/addehd/dev/hem/app/lib/types/database.types.ts","statementMap":{"0":{"start":{"line":1924,"column":25},"end":{"line":1928,"column":null}}},"fnMap":{},"branchMap":{},"s":{"0":0},"f":{},"b":{},"meta":{"lastBranch":0,"lastFunction":0,"lastStatement":1,"seen":{"s:1924:25:1928:Infinity":0}}}
,"/Users/addehd/dev/hem/app/lib/types/property.ts": {"path":"/Users/addehd/dev/hem/app/lib/types/property.ts","statementMap":{},"fnMap":{},"branchMap":{},"s":{},"f":{},"b":{},"meta":{"lastBranch":0,"lastFunction":0,"lastStatement":0,"seen":{}}}
,"/Users/addehd/dev/hem/app/lib/utils/coordinates.ts": {"path":"/Users/addehd/dev/hem/app/lib/utils/coordinates.ts","statementMap":{"0":{"start":{"line":12,"column":2},"end":{"line":12,"column":null}},"1":{"start":{"line":19,"column":2},"end":{"line":19,"column":null}},"2":{"start":{"line":26,"column":2},"end":{"line":26,"column":null}},"3":{"start":{"line":37,"column":2},"end":{"line":37,"column":null}},"4":{"start":{"line":44,"column":35},"end":{"line":47,"column":null}}},"fnMap":{"0":{"name":"isValidCoordinate","decl":{"start":{"line":11,"column":16},"end":{"line":11,"column":34}},"loc":{"start":{"line":11,"column":63},"end":{"line":13,"column":null}},"line":11},"1":{"name":"isValidLatitude","decl":{"start":{"line":18,"column":16},"end":{"line":18,"column":32}},"loc":{"start":{"line":18,"column":57},"end":{"line":20,"column":null}},"line":18},"2":{"name":"isValidLongitude","decl":{"start":{"line":25,"column":16},"end":{"line":25,"column":33}},"loc":{"start":{"line":25,"column":58},"end":{"line":27,"column":null}},"line":25},"3":{"name":"hasValidCoordinates","decl":{"start":{"line":34,"column":16},"end":{"line":34,"column":null}},"loc":{"start":{"line":36,"column":50},"end":{"line":38,"column":null}},"line":36}},"branchMap":{"0":{"loc":{"start":{"line":12,"column":9},"end":{"line":12,"column":null}},"type":"binary-expr","locations":[{"start":{"line":12,"column":9},"end":{"line":12,"column":38}},{"start":{"line":12,"column":38},"end":{"line":12,"column":55}},{"start":{"line":12,"column":55},"end":{"line":12,"column":null}}],"line":12},"1":{"loc":{"start":{"line":19,"column":9},"end":{"line":19,"column":null}},"type":"binary-expr","locations":[{"start":{"line":19,"column":9},"end":{"line":19,"column":35}},{"start":{"line":19,"column":35},"end":{"line":19,"column":49}},{"start":{"line":19,"column":49},"end":{"line":19,"column":null}}],"line":19},"2":{"loc":{"start":{"line":26,"column":9},"end":{"line":26,"column":null}},"type":"binary-expr","locations":[{"start":{"line":26,"column":9},"end":{"line":26,"column":35}},{"start":{"line":26,"column":35},"end":{"line":26,"column":50}},{"start":{"line":26,"column":50},"end":{"line":26,"column":null}}],"line":26},"3":{"loc":{"start":{"line":37,"column":9},"end":{"line":37,"column":null}},"type":"binary-expr","locations":[{"start":{"line":37,"column":9},"end":{"line":37,"column":42}},{"start":{"line":37,"column":42},"end":{"line":37,"column":null}}],"line":37}},"s":{"0":0,"1":0,"2":0,"3":0,"4":0},"f":{"0":0,"1":0,"2":0,"3":0},"b":{"0":[0,0,0],"1":[0,0,0],"2":[0,0,0],"3":[0,0]},"meta":{"lastBranch":4,"lastFunction":4,"lastStatement":5,"seen":{"f:11:16:11:34":0,"s:12:2:12:Infinity":0,"b:12:9:12:38:12:38:12:55:12:55:12:Infinity":0,"f:18:16:18:32":1,"s:19:2:19:Infinity":1,"b:19:9:19:35:19:35:19:49:19:49:19:Infinity":1,"f:25:16:25:33":2,"s:26:2:26:Infinity":2,"b:26:9:26:35:26:35:26:50:26:50:26:Infinity":2,"f:34:16:34:Infinity":3,"s:37:2:37:Infinity":3,"b:37:9:37:42:37:42:37:Infinity":3,"s:44:35:47:Infinity":4}}}
,"/Users/addehd/dev/hem/app/scripts/seedProperties.ts": {"path":"/Users/addehd/dev/hem/app/scripts/seedProperties.ts","statementMap":{"0":{"start":{"line":3,"column":25},"end":{"line":181,"column":null}},"1":{"start":{"line":184,"column":2},"end":{"line":184,"column":null}},"2":{"start":{"line":186,"column":2},"end":{"line":213,"column":null}},"3":{"start":{"line":187,"column":4},"end":{"line":212,"column":null}},"4":{"start":{"line":188,"column":24},"end":{"line":203,"column":null}},"5":{"start":{"line":205,"column":6},"end":{"line":209,"column":null}},"6":{"start":{"line":206,"column":8},"end":{"line":206,"column":null}},"7":{"start":{"line":208,"column":8},"end":{"line":208,"column":null}},"8":{"start":{"line":211,"column":6},"end":{"line":211,"column":null}},"9":{"start":{"line":215,"column":2},"end":{"line":215,"column":null}},"10":{"start":{"line":219,"column":0},"end":{"line":226,"column":null}},"11":{"start":{"line":220,"column":2},"end":{"line":225,"column":null}},"12":{"start":{"line":221,"column":16},"end":{"line":221,"column":31}},"13":{"start":{"line":223,"column":6},"end":{"line":223,"column":null}},"14":{"start":{"line":224,"column":6},"end":{"line":224,"column":null}}},"fnMap":{"0":{"name":"seedProperties","decl":{"start":{"line":183,"column":15},"end":{"line":183,"column":32}},"loc":{"start":{"line":183,"column":32},"end":{"line":216,"column":null}},"line":183},"1":{"name":"(anonymous_1)","decl":{"start":{"line":221,"column":10},"end":{"line":221,"column":16}},"loc":{"start":{"line":221,"column":16},"end":{"line":221,"column":31}},"line":221},"2":{"name":"(anonymous_2)","decl":{"start":{"line":222,"column":11},"end":{"line":222,"column":12}},"loc":{"start":{"line":222,"column":20},"end":{"line":225,"column":5}},"line":222}},"branchMap":{"0":{"loc":{"start":{"line":201,"column":23},"end":{"line":201,"column":null}},"type":"binary-expr","locations":[{"start":{"line":201,"column":23},"end":{"line":201,"column":49}},{"start":{"line":201,"column":49},"end":{"line":201,"column":null}}],"line":201},"1":{"loc":{"start":{"line":205,"column":6},"end":{"line":209,"column":null}},"type":"if","locations":[{"start":{"line":205,"column":6},"end":{"line":209,"column":null}},{"start":{"line":207,"column":13},"end":{"line":209,"column":null}}],"line":205},"2":{"loc":{"start":{"line":219,"column":0},"end":{"line":226,"column":null}},"type":"if","locations":[{"start":{"line":219,"column":0},"end":{"line":226,"column":null}},{"start":{},"end":{}}],"line":219}},"s":{"0":0,"1":0,"2":0,"3":0,"4":0,"5":0,"6":0,"7":0,"8":0,"9":0,"10":0,"11":0,"12":0,"13":0,"14":0},"f":{"0":0,"1":0,"2":0},"b":{"0":[0,0],"1":[0,0],"2":[0,0]},"meta":{"lastBranch":3,"lastFunction":3,"lastStatement":15,"seen":{"s:3:25:181:Infinity":0,"f:183:15:183:32":0,"s:184:2:184:Infinity":1,"s:186:2:213:Infinity":2,"s:187:4:212:Infinity":3,"s:188:24:203:Infinity":4,"b:201:23:201:49:201:49:201:Infinity":0,"b:205:6:209:Infinity:207:13:209:Infinity":1,"s:205:6:209:Infinity":5,"s:206:8:206:Infinity":6,"s:208:8:208:Infinity":7,"s:211:6:211:Infinity":8,"s:215:2:215:Infinity":9,"b:219:0:226:Infinity:undefined:undefined:undefined:undefined":2,"s:219:0:226:Infinity":10,"s:220:2:225:Infinity":11,"f:221:10:221:16":1,"s:221:16:221:31":12,"f:222:11:222:12":2,"s:223:6:223:Infinity":13,"s:224:6:224:Infinity":14}}}
}
